This file contains any messages produced by compilers while
running configure, to aid debugging if configure makes a mistake.

It was created by RepastHPC configure 2.2.0, which was
generated by GNU Autoconf 2.69.  Invocation command line was

  $ ./configure --prefix=/home/mb425/repastHPC/repast_hpc-2.2.0 --with-boost-include=/home/mb425/Boost/Boost_1.61/include --with-boost-lib-dir=/home/mb425/Boos/Boost_1.61/lib --with-boost-lib-suffix=-mt

## --------- ##
## Platform. ##
## --------- ##

hostname = login-e-15
uname -m = x86_64
uname -r = 3.10.0-862.14.4.el7.x86_64
uname -s = Linux
uname -v = #1 SMP Tue Sep 25 14:32:52 CDT 2018

/usr/bin/uname -p = x86_64
/bin/uname -X     = unknown

/bin/arch              = x86_64
/usr/bin/arch -k       = unknown
/usr/convex/getsysinfo = unknown
/usr/bin/hostinfo      = unknown
/bin/machine           = unknown
/usr/bin/oslevel       = unknown
/bin/universe          = unknown

PATH: /usr/local/Cluster-Apps/gcc/5.3.0/bin
PATH: /usr/local/Cluster-Apps/python/3.5.1/bin
PATH: /usr/local/software/spack/spack-0.11.2/opt/spack/linux-rhel7-x86_64/gcc-4.8.5/netcdf-cxx4-4.3.0-t3lm7xmxhw5b2kik4z3dryda552jftum/bin
PATH: /usr/local/Cluster-Apps/netcdf/4.4.1/bin
PATH: /usr/local/Cluster-Apps/hdf5/impi/1.8.16/bin
PATH: /usr/local/Cluster-Apps/intel/2017.4/debugger_2017/gdb/intel64_mic/bin
PATH: /usr/local/Cluster-Apps/intel/2017.4/compilers_and_libraries_2017.4.196/linux/mpi/intel64/bin
PATH: /usr/local/Cluster-Apps/intel/2017.4/compilers_and_libraries_2017.4.196/linux/bin/intel64
PATH: /usr/local/software/global/bin
PATH: /opt/singularity/bin
PATH: /usr/local/Cluster-Apps/singularity/images
PATH: /usr/local/Cluster-Apps/vgl/2.5.1/64/bin
PATH: /usr/local/Cluster-Apps/turbovnc/2.0.1/bin
PATH: /usr/local/software/slurm/current/sbin
PATH: /usr/local/software/slurm/current/bin
PATH: /usr/lib64/qt-3.3/bin
PATH: /home/mb425/perl5/bin
PATH: /usr/local/bin
PATH: /usr/bin
PATH: /usr/local/sbin
PATH: /usr/sbin
PATH: /opt/dell/srvadmin/bin
PATH: .
PATH: /home/mb425/bin


## ----------- ##
## Core tests. ##
## ----------- ##

configure:2469: checking for mpicc
configure:2485: found /usr/local/Cluster-Apps/intel/2017.4/compilers_and_libraries_2017.4.196/linux/mpi/intel64/bin/mpicc
configure:2496: result: mpicc
configure:2527: checking for C compiler version
configure:2536: mpicc --version >&5
icc (ICC) 17.0.4 20170411
Copyright (C) 1985-2017 Intel Corporation.  All rights reserved.

configure:2547: $? = 0
configure:2536: mpicc -v >&5
mpiicc for the Intel(R) MPI Library 2017 Update 3 for Linux*
Copyright(C) 2003-2017, Intel Corporation.  All rights reserved.
icc version 17.0.4 (gcc version 5.3.0 compatibility)
configure:2547: $? = 0
configure:2536: mpicc -V >&5
GNU ld version 2.27-27.base.el7
Intel(R) C Intel(R) 64 Compiler for applications running on Intel(R) 64, Version 17.0.4.196 Build 20170411
Copyright (C) 1985-2017 Intel Corporation.  All rights reserved.

/lib/../lib64/crt1.o: In function `_start':
(.text+0x20): undefined reference to `main'
configure:2547: $? = 1
configure:2536: mpicc -qversion >&5
icc: command line warning #10006: ignoring unknown option '-qversion'
/lib/../lib64/crt1.o: In function `_start':
(.text+0x20): undefined reference to `main'
configure:2547: $? = 1
configure:2567: checking whether the C compiler works
configure:2589: mpicc    conftest.c  >&5
configure:2593: $? = 0
configure:2641: result: yes
configure:2644: checking for C compiler default output file name
configure:2646: result: a.out
configure:2652: checking for suffix of executables
configure:2659: mpicc -o conftest    conftest.c  >&5
configure:2663: $? = 0
configure:2685: result: 
configure:2707: checking whether we are cross compiling
configure:2715: mpicc -o conftest    conftest.c  >&5
configure:2719: $? = 0
configure:2726: ./conftest
configure:2730: $? = 0
configure:2745: result: no
configure:2750: checking for suffix of object files
configure:2772: mpicc -c   conftest.c >&5
configure:2776: $? = 0
configure:2797: result: o
configure:2801: checking whether we are using the GNU C compiler
configure:2820: mpicc -c   conftest.c >&5
configure:2820: $? = 0
configure:2829: result: yes
configure:2838: checking whether mpicc accepts -g
configure:2858: mpicc -c -g  conftest.c >&5
configure:2858: $? = 0
configure:2899: result: yes
configure:2916: checking for mpicc option to accept ISO C89
configure:2979: mpicc  -c -g -O2  conftest.c >&5
configure:2979: $? = 0
configure:2992: result: none needed
configure:3070: checking for mpic++
configure:3100: result: no
configure:3070: checking for mpixlcxx
configure:3100: result: no
configure:3070: checking for bgclang++
configure:3100: result: no
configure:3124: checking for C++ compiler version
configure:3133: g++ --version >&5
g++ (GCC) 5.3.0
Copyright (C) 2015 Free Software Foundation, Inc.
This is free software; see the source for copying conditions.  There is NO
warranty; not even for MERCHANTABILITY or FITNESS FOR A PARTICULAR PURPOSE.

configure:3144: $? = 0
configure:3133: g++ -v >&5
Using built-in specs.
COLLECT_GCC=g++
COLLECT_LTO_WRAPPER=/usr/local/Cluster-Apps/gcc/5.3.0/libexec/gcc/x86_64-unknown-linux-gnu/5.3.0/lto-wrapper
Target: x86_64-unknown-linux-gnu
Configured with: /tmp/gcc-5.3.0/configure --prefix=/usr/local/Cluster-Apps/gcc/5.3.0 --enable-languages=c,c++,fortran,go
Thread model: posix
gcc version 5.3.0 (GCC) 
configure:3144: $? = 0
configure:3133: g++ -V >&5
g++: error: unrecognized command line option '-V'
g++: fatal error: no input files
compilation terminated.
configure:3144: $? = 1
configure:3133: g++ -qversion >&5
g++: error: unrecognized command line option '-qversion'
g++: fatal error: no input files
compilation terminated.
configure:3144: $? = 1
configure:3148: checking whether we are using the GNU C++ compiler
configure:3167: g++ -c   conftest.cpp >&5
configure:3167: $? = 0
configure:3176: result: yes
configure:3185: checking whether g++ accepts -g
configure:3205: g++ -c -g  conftest.cpp >&5
configure:3205: $? = 0
configure:3246: result: yes
configure:3281: checking for ar
configure:3297: found /usr/bin/ar
configure:3309: result: ar
configure:3360: checking for ranlib
configure:3376: found /usr/bin/ranlib
configure:3387: result: ranlib
configure:3426: checking for cp that supports -u
configure:3459: result: yes
configure:3655: checking for grep that handles long lines and -e
configure:3713: result: /usr/bin/grep
configure:3725: checking how to run the C preprocessor
configure:3756: mpicc -E  -I/home/mb425/Boost/Boost_1.61/include conftest.c
configure:3756: $? = 0
configure:3770: mpicc -E  -I/home/mb425/Boost/Boost_1.61/include conftest.c
conftest.c(9): error #2379: cannot open source file "ac_nonexistent.h"
  #include <ac_nonexistent.h>
                             ^

configure:3770: $? = 2
configure: failed program was:
| /* confdefs.h */
| #define PACKAGE_NAME "RepastHPC"
| #define PACKAGE_TARNAME "repasthpc"
| #define PACKAGE_VERSION "2.2.0"
| #define PACKAGE_STRING "RepastHPC 2.2.0"
| #define PACKAGE_BUGREPORT "repast-interest@sourceforge.net"
| #define PACKAGE_URL ""
| /* end confdefs.h.  */
| #include <ac_nonexistent.h>
configure:3795: result: mpicc -E
configure:3815: mpicc -E  -I/home/mb425/Boost/Boost_1.61/include conftest.c
configure:3815: $? = 0
configure:3829: mpicc -E  -I/home/mb425/Boost/Boost_1.61/include conftest.c
conftest.c(9): error #2379: cannot open source file "ac_nonexistent.h"
  #include <ac_nonexistent.h>
                             ^

configure:3829: $? = 2
configure: failed program was:
| /* confdefs.h */
| #define PACKAGE_NAME "RepastHPC"
| #define PACKAGE_TARNAME "repasthpc"
| #define PACKAGE_VERSION "2.2.0"
| #define PACKAGE_STRING "RepastHPC 2.2.0"
| #define PACKAGE_BUGREPORT "repast-interest@sourceforge.net"
| #define PACKAGE_URL ""
| /* end confdefs.h.  */
| #include <ac_nonexistent.h>
configure:3858: checking for a sed that does not truncate output
configure:3922: result: /usr/bin/sed
configure: this is boost.m4 serial 12
configure:3955: checking for Boost headers version >= 0
configure:4026: g++ -c -g -O2  -I/home/mb425/Boost/Boost_1.61/include conftest.cpp >&5
configure:4026: $? = 0
configure:4047: result: yes
configure:4067: checking for Boost's header version
configure:4085: result: 1_53
configure:4130: checking build system type
configure:4144: result: x86_64-pc-linux-gnu
configure:4164: checking host system type
configure:4177: result: x86_64-pc-linux-gnu
configure:4197: checking for the toolset name used by Boost for g++
configure:4272: g++ -c -g -O2  -I/home/mb425/Boost/Boost_1.61/include conftest.cpp >&5
conftest.cpp:14:3: error: #error defined __GNUC__ && __GNUC__ == 4 && __GNUC_MINOR__ == 3 && !defined __ICC
 # error defined __GNUC__ && __GNUC__ == 4 && __GNUC_MINOR__ == 3 && !defined __ICC
   ^
configure:4272: $? = 1
configure: failed program was:
| /* confdefs.h */
| #define PACKAGE_NAME "RepastHPC"
| #define PACKAGE_TARNAME "repasthpc"
| #define PACKAGE_VERSION "2.2.0"
| #define PACKAGE_STRING "RepastHPC 2.2.0"
| #define PACKAGE_BUGREPORT "repast-interest@sourceforge.net"
| #define PACKAGE_URL ""
| #define HAVE_BOOST 1
| /* end confdefs.h.  */
| 
| #if defined __GNUC__ && __GNUC__ == 4 && __GNUC_MINOR__ == 3 && !defined __ICC
| /* OK */
| #else
| # error defined __GNUC__ && __GNUC__ == 4 && __GNUC_MINOR__ == 3 && !defined __ICC
| #endif
| 
| int
| main ()
| {
| 
|   ;
|   return 0;
| }
configure:4272: g++ -c -g -O2  -I/home/mb425/Boost/Boost_1.61/include conftest.cpp >&5
conftest.cpp:14:3: error: #error defined __GNUC__ && __GNUC__ == 4 && __GNUC_MINOR__ == 2 && !defined __ICC
 # error defined __GNUC__ && __GNUC__ == 4 && __GNUC_MINOR__ == 2 && !defined __ICC
   ^
configure:4272: $? = 1
configure: failed program was:
| /* confdefs.h */
| #define PACKAGE_NAME "RepastHPC"
| #define PACKAGE_TARNAME "repasthpc"
| #define PACKAGE_VERSION "2.2.0"
| #define PACKAGE_STRING "RepastHPC 2.2.0"
| #define PACKAGE_BUGREPORT "repast-interest@sourceforge.net"
| #define PACKAGE_URL ""
| #define HAVE_BOOST 1
| /* end confdefs.h.  */
| 
| #if defined __GNUC__ && __GNUC__ == 4 && __GNUC_MINOR__ == 2 && !defined __ICC
| /* OK */
| #else
| # error defined __GNUC__ && __GNUC__ == 4 && __GNUC_MINOR__ == 2 && !defined __ICC
| #endif
| 
| int
| main ()
| {
| 
|   ;
|   return 0;
| }
configure:4272: g++ -c -g -O2  -I/home/mb425/Boost/Boost_1.61/include conftest.cpp >&5
conftest.cpp:14:3: error: #error defined __GNUC__ && __GNUC__ == 4 && __GNUC_MINOR__ == 1 && !defined __ICC
 # error defined __GNUC__ && __GNUC__ == 4 && __GNUC_MINOR__ == 1 && !defined __ICC
   ^
configure:4272: $? = 1
configure: failed program was:
| /* confdefs.h */
| #define PACKAGE_NAME "RepastHPC"
| #define PACKAGE_TARNAME "repasthpc"
| #define PACKAGE_VERSION "2.2.0"
| #define PACKAGE_STRING "RepastHPC 2.2.0"
| #define PACKAGE_BUGREPORT "repast-interest@sourceforge.net"
| #define PACKAGE_URL ""
| #define HAVE_BOOST 1
| /* end confdefs.h.  */
| 
| #if defined __GNUC__ && __GNUC__ == 4 && __GNUC_MINOR__ == 1 && !defined __ICC
| /* OK */
| #else
| # error defined __GNUC__ && __GNUC__ == 4 && __GNUC_MINOR__ == 1 && !defined __ICC
| #endif
| 
| int
| main ()
| {
| 
|   ;
|   return 0;
| }
configure:4272: g++ -c -g -O2  -I/home/mb425/Boost/Boost_1.61/include conftest.cpp >&5
conftest.cpp:14:3: error: #error defined __GNUC__ && __GNUC__ == 4 && __GNUC_MINOR__ == 0 && !defined __ICC
 # error defined __GNUC__ && __GNUC__ == 4 && __GNUC_MINOR__ == 0 && !defined __ICC
   ^
configure:4272: $? = 1
configure: failed program was:
| /* confdefs.h */
| #define PACKAGE_NAME "RepastHPC"
| #define PACKAGE_TARNAME "repasthpc"
| #define PACKAGE_VERSION "2.2.0"
| #define PACKAGE_STRING "RepastHPC 2.2.0"
| #define PACKAGE_BUGREPORT "repast-interest@sourceforge.net"
| #define PACKAGE_URL ""
| #define HAVE_BOOST 1
| /* end confdefs.h.  */
| 
| #if defined __GNUC__ && __GNUC__ == 4 && __GNUC_MINOR__ == 0 && !defined __ICC
| /* OK */
| #else
| # error defined __GNUC__ && __GNUC__ == 4 && __GNUC_MINOR__ == 0 && !defined __ICC
| #endif
| 
| int
| main ()
| {
| 
|   ;
|   return 0;
| }
configure:4272: g++ -c -g -O2  -I/home/mb425/Boost/Boost_1.61/include conftest.cpp >&5
conftest.cpp:14:3: error: #error defined __GNUC__ && __GNUC__ == 3 && !defined __ICC && (defined WIN32 || defined WINNT || defined _WIN32 || defined __WIN32 || defined __WIN32__ || defined __WINNT || defined __WINNT__)
 # error defined __GNUC__ && __GNUC__ == 3 && !defined __ICC      && (defined WIN32 || defined WINNT || defined _WIN32 || defined __WIN32          || defined __WIN32__ || defined __WINNT || defined __WINNT__)
   ^
configure:4272: $? = 1
configure: failed program was:
| /* confdefs.h */
| #define PACKAGE_NAME "RepastHPC"
| #define PACKAGE_TARNAME "repasthpc"
| #define PACKAGE_VERSION "2.2.0"
| #define PACKAGE_STRING "RepastHPC 2.2.0"
| #define PACKAGE_BUGREPORT "repast-interest@sourceforge.net"
| #define PACKAGE_URL ""
| #define HAVE_BOOST 1
| /* end confdefs.h.  */
| 
| #if defined __GNUC__ && __GNUC__ == 3 && !defined __ICC      && (defined WIN32 || defined WINNT || defined _WIN32 || defined __WIN32          || defined __WIN32__ || defined __WINNT || defined __WINNT__)
| /* OK */
| #else
| # error defined __GNUC__ && __GNUC__ == 3 && !defined __ICC      && (defined WIN32 || defined WINNT || defined _WIN32 || defined __WIN32          || defined __WIN32__ || defined __WINNT || defined __WINNT__)
| #endif
| 
| int
| main ()
| {
| 
|   ;
|   return 0;
| }
configure:4272: g++ -c -g -O2  -I/home/mb425/Boost/Boost_1.61/include conftest.cpp >&5
conftest.cpp:14:3: error: #error defined __GNUC__ && __GNUC__ == 3 && __GNUC_MINOR__ == 4 && !defined __ICC
 # error defined __GNUC__ && __GNUC__ == 3 && __GNUC_MINOR__ == 4 && !defined __ICC
   ^
configure:4272: $? = 1
configure: failed program was:
| /* confdefs.h */
| #define PACKAGE_NAME "RepastHPC"
| #define PACKAGE_TARNAME "repasthpc"
| #define PACKAGE_VERSION "2.2.0"
| #define PACKAGE_STRING "RepastHPC 2.2.0"
| #define PACKAGE_BUGREPORT "repast-interest@sourceforge.net"
| #define PACKAGE_URL ""
| #define HAVE_BOOST 1
| /* end confdefs.h.  */
| 
| #if defined __GNUC__ && __GNUC__ == 3 && __GNUC_MINOR__ == 4 && !defined __ICC
| /* OK */
| #else
| # error defined __GNUC__ && __GNUC__ == 3 && __GNUC_MINOR__ == 4 && !defined __ICC
| #endif
| 
| int
| main ()
| {
| 
|   ;
|   return 0;
| }
configure:4272: g++ -c -g -O2  -I/home/mb425/Boost/Boost_1.61/include conftest.cpp >&5
conftest.cpp:14:3: error: #error defined __GNUC__ && __GNUC__ == 3 && __GNUC_MINOR__ == 3 && !defined __ICC
 # error defined __GNUC__ && __GNUC__ == 3 && __GNUC_MINOR__ == 3 && !defined __ICC
   ^
configure:4272: $? = 1
configure: failed program was:
| /* confdefs.h */
| #define PACKAGE_NAME "RepastHPC"
| #define PACKAGE_TARNAME "repasthpc"
| #define PACKAGE_VERSION "2.2.0"
| #define PACKAGE_STRING "RepastHPC 2.2.0"
| #define PACKAGE_BUGREPORT "repast-interest@sourceforge.net"
| #define PACKAGE_URL ""
| #define HAVE_BOOST 1
| /* end confdefs.h.  */
| 
| #if defined __GNUC__ && __GNUC__ == 3 && __GNUC_MINOR__ == 3 && !defined __ICC
| /* OK */
| #else
| # error defined __GNUC__ && __GNUC__ == 3 && __GNUC_MINOR__ == 3 && !defined __ICC
| #endif
| 
| int
| main ()
| {
| 
|   ;
|   return 0;
| }
configure:4272: g++ -c -g -O2  -I/home/mb425/Boost/Boost_1.61/include conftest.cpp >&5
conftest.cpp:14:3: error: #error defined _MSC_VER && _MSC_VER >= 1500
 # error defined _MSC_VER && _MSC_VER >= 1500
   ^
configure:4272: $? = 1
configure: failed program was:
| /* confdefs.h */
| #define PACKAGE_NAME "RepastHPC"
| #define PACKAGE_TARNAME "repasthpc"
| #define PACKAGE_VERSION "2.2.0"
| #define PACKAGE_STRING "RepastHPC 2.2.0"
| #define PACKAGE_BUGREPORT "repast-interest@sourceforge.net"
| #define PACKAGE_URL ""
| #define HAVE_BOOST 1
| /* end confdefs.h.  */
| 
| #if defined _MSC_VER && _MSC_VER >= 1500
| /* OK */
| #else
| # error defined _MSC_VER && _MSC_VER >= 1500
| #endif
| 
| int
| main ()
| {
| 
|   ;
|   return 0;
| }
configure:4272: g++ -c -g -O2  -I/home/mb425/Boost/Boost_1.61/include conftest.cpp >&5
conftest.cpp:14:3: error: #error defined _MSC_VER && _MSC_VER == 1400
 # error defined _MSC_VER && _MSC_VER == 1400
   ^
configure:4272: $? = 1
configure: failed program was:
| /* confdefs.h */
| #define PACKAGE_NAME "RepastHPC"
| #define PACKAGE_TARNAME "repasthpc"
| #define PACKAGE_VERSION "2.2.0"
| #define PACKAGE_STRING "RepastHPC 2.2.0"
| #define PACKAGE_BUGREPORT "repast-interest@sourceforge.net"
| #define PACKAGE_URL ""
| #define HAVE_BOOST 1
| /* end confdefs.h.  */
| 
| #if defined _MSC_VER && _MSC_VER == 1400
| /* OK */
| #else
| # error defined _MSC_VER && _MSC_VER == 1400
| #endif
| 
| int
| main ()
| {
| 
|   ;
|   return 0;
| }
configure:4272: g++ -c -g -O2  -I/home/mb425/Boost/Boost_1.61/include conftest.cpp >&5
conftest.cpp:14:3: error: #error defined __GNUC__ && __GNUC__ == 3 && __GNUC_MINOR__ == 2 && !defined __ICC
 # error defined __GNUC__ && __GNUC__ == 3 && __GNUC_MINOR__ == 2 && !defined __ICC
   ^
configure:4272: $? = 1
configure: failed program was:
| /* confdefs.h */
| #define PACKAGE_NAME "RepastHPC"
| #define PACKAGE_TARNAME "repasthpc"
| #define PACKAGE_VERSION "2.2.0"
| #define PACKAGE_STRING "RepastHPC 2.2.0"
| #define PACKAGE_BUGREPORT "repast-interest@sourceforge.net"
| #define PACKAGE_URL ""
| #define HAVE_BOOST 1
| /* end confdefs.h.  */
| 
| #if defined __GNUC__ && __GNUC__ == 3 && __GNUC_MINOR__ == 2 && !defined __ICC
| /* OK */
| #else
| # error defined __GNUC__ && __GNUC__ == 3 && __GNUC_MINOR__ == 2 && !defined __ICC
| #endif
| 
| int
| main ()
| {
| 
|   ;
|   return 0;
| }
configure:4272: g++ -c -g -O2  -I/home/mb425/Boost/Boost_1.61/include conftest.cpp >&5
conftest.cpp:14:3: error: #error defined _MSC_VER && _MSC_VER == 1310
 # error defined _MSC_VER && _MSC_VER == 1310
   ^
configure:4272: $? = 1
configure: failed program was:
| /* confdefs.h */
| #define PACKAGE_NAME "RepastHPC"
| #define PACKAGE_TARNAME "repasthpc"
| #define PACKAGE_VERSION "2.2.0"
| #define PACKAGE_STRING "RepastHPC 2.2.0"
| #define PACKAGE_BUGREPORT "repast-interest@sourceforge.net"
| #define PACKAGE_URL ""
| #define HAVE_BOOST 1
| /* end confdefs.h.  */
| 
| #if defined _MSC_VER && _MSC_VER == 1310
| /* OK */
| #else
| # error defined _MSC_VER && _MSC_VER == 1310
| #endif
| 
| int
| main ()
| {
| 
|   ;
|   return 0;
| }
configure:4272: g++ -c -g -O2  -I/home/mb425/Boost/Boost_1.61/include conftest.cpp >&5
conftest.cpp:14:3: error: #error defined __GNUC__ && __GNUC__ == 3 && __GNUC_MINOR__ == 1 && !defined __ICC
 # error defined __GNUC__ && __GNUC__ == 3 && __GNUC_MINOR__ == 1 && !defined __ICC
   ^
configure:4272: $? = 1
configure: failed program was:
| /* confdefs.h */
| #define PACKAGE_NAME "RepastHPC"
| #define PACKAGE_TARNAME "repasthpc"
| #define PACKAGE_VERSION "2.2.0"
| #define PACKAGE_STRING "RepastHPC 2.2.0"
| #define PACKAGE_BUGREPORT "repast-interest@sourceforge.net"
| #define PACKAGE_URL ""
| #define HAVE_BOOST 1
| /* end confdefs.h.  */
| 
| #if defined __GNUC__ && __GNUC__ == 3 && __GNUC_MINOR__ == 1 && !defined __ICC
| /* OK */
| #else
| # error defined __GNUC__ && __GNUC__ == 3 && __GNUC_MINOR__ == 1 && !defined __ICC
| #endif
| 
| int
| main ()
| {
| 
|   ;
|   return 0;
| }
configure:4272: g++ -c -g -O2  -I/home/mb425/Boost/Boost_1.61/include conftest.cpp >&5
conftest.cpp:14:3: error: #error defined __GNUC__ && __GNUC__ == 3 && __GNUC_MINOR__ == 0 && !defined __ICC
 # error defined __GNUC__ && __GNUC__ == 3 && __GNUC_MINOR__ == 0 && !defined __ICC
   ^
configure:4272: $? = 1
configure: failed program was:
| /* confdefs.h */
| #define PACKAGE_NAME "RepastHPC"
| #define PACKAGE_TARNAME "repasthpc"
| #define PACKAGE_VERSION "2.2.0"
| #define PACKAGE_STRING "RepastHPC 2.2.0"
| #define PACKAGE_BUGREPORT "repast-interest@sourceforge.net"
| #define PACKAGE_URL ""
| #define HAVE_BOOST 1
| /* end confdefs.h.  */
| 
| #if defined __GNUC__ && __GNUC__ == 3 && __GNUC_MINOR__ == 0 && !defined __ICC
| /* OK */
| #else
| # error defined __GNUC__ && __GNUC__ == 3 && __GNUC_MINOR__ == 0 && !defined __ICC
| #endif
| 
| int
| main ()
| {
| 
|   ;
|   return 0;
| }
configure:4272: g++ -c -g -O2  -I/home/mb425/Boost/Boost_1.61/include conftest.cpp >&5
conftest.cpp:14:3: error: #error defined __BORLANDC__
 # error defined __BORLANDC__
   ^
configure:4272: $? = 1
configure: failed program was:
| /* confdefs.h */
| #define PACKAGE_NAME "RepastHPC"
| #define PACKAGE_TARNAME "repasthpc"
| #define PACKAGE_VERSION "2.2.0"
| #define PACKAGE_STRING "RepastHPC 2.2.0"
| #define PACKAGE_BUGREPORT "repast-interest@sourceforge.net"
| #define PACKAGE_URL ""
| #define HAVE_BOOST 1
| /* end confdefs.h.  */
| 
| #if defined __BORLANDC__
| /* OK */
| #else
| # error defined __BORLANDC__
| #endif
| 
| int
| main ()
| {
| 
|   ;
|   return 0;
| }
configure:4272: g++ -c -g -O2  -I/home/mb425/Boost/Boost_1.61/include conftest.cpp >&5
conftest.cpp:11:49: error: operator "defined" requires an identifier
 #if defined __ICC && (defined __unix || defined )
                                                 ^
conftest.cpp:11:22: error: missing ')' in expression
 #if defined __ICC && (defined __unix || defined )
                      ^
conftest.cpp:14:3: error: #error defined __ICC && (defined __unix || defined )
 # error defined __ICC && (defined __unix || defined )
   ^
configure:4272: $? = 1
configure: failed program was:
| /* confdefs.h */
| #define PACKAGE_NAME "RepastHPC"
| #define PACKAGE_TARNAME "repasthpc"
| #define PACKAGE_VERSION "2.2.0"
| #define PACKAGE_STRING "RepastHPC 2.2.0"
| #define PACKAGE_BUGREPORT "repast-interest@sourceforge.net"
| #define PACKAGE_URL ""
| #define HAVE_BOOST 1
| /* end confdefs.h.  */
| 
| #if defined __ICC && (defined __unix || defined )
| /* OK */
| #else
| # error defined __ICC && (defined __unix || defined )
| #endif
| 
| int
| main ()
| {
| 
|   ;
|   return 0;
| }
configure:4272: g++ -c -g -O2  -I/home/mb425/Boost/Boost_1.61/include conftest.cpp >&5
conftest.cpp:14:3: error: #error defined __ICL
 # error defined __ICL
   ^
configure:4272: $? = 1
configure: failed program was:
| /* confdefs.h */
| #define PACKAGE_NAME "RepastHPC"
| #define PACKAGE_TARNAME "repasthpc"
| #define PACKAGE_VERSION "2.2.0"
| #define PACKAGE_STRING "RepastHPC 2.2.0"
| #define PACKAGE_BUGREPORT "repast-interest@sourceforge.net"
| #define PACKAGE_URL ""
| #define HAVE_BOOST 1
| /* end confdefs.h.  */
| 
| #if defined __ICL
| /* OK */
| #else
| # error defined __ICL
| #endif
| 
| int
| main ()
| {
| 
|   ;
|   return 0;
| }
configure:4272: g++ -c -g -O2  -I/home/mb425/Boost/Boost_1.61/include conftest.cpp >&5
conftest.cpp:14:3: error: #error defined __xlC__ && __xlC__ == 0x900
 # error defined __xlC__ && __xlC__ == 0x900
   ^
configure:4272: $? = 1
configure: failed program was:
| /* confdefs.h */
| #define PACKAGE_NAME "RepastHPC"
| #define PACKAGE_TARNAME "repasthpc"
| #define PACKAGE_VERSION "2.2.0"
| #define PACKAGE_STRING "RepastHPC 2.2.0"
| #define PACKAGE_BUGREPORT "repast-interest@sourceforge.net"
| #define PACKAGE_URL ""
| #define HAVE_BOOST 1
| /* end confdefs.h.  */
| 
| #if defined __xlC__ && __xlC__ == 0x900
| /* OK */
| #else
| # error defined __xlC__ && __xlC__ == 0x900
| #endif
| 
| int
| main ()
| {
| 
|   ;
|   return 0;
| }
configure:4272: g++ -c -g -O2  -I/home/mb425/Boost/Boost_1.61/include conftest.cpp >&5
conftest.cpp:14:3: error: #error defined __xlC__ && __xlC__ == 0x01010
 # error defined __xlC__ && __xlC__ == 0x01010
   ^
configure:4272: $? = 1
configure: failed program was:
| /* confdefs.h */
| #define PACKAGE_NAME "RepastHPC"
| #define PACKAGE_TARNAME "repasthpc"
| #define PACKAGE_VERSION "2.2.0"
| #define PACKAGE_STRING "RepastHPC 2.2.0"
| #define PACKAGE_BUGREPORT "repast-interest@sourceforge.net"
| #define PACKAGE_URL ""
| #define HAVE_BOOST 1
| /* end confdefs.h.  */
| 
| #if defined __xlC__ && __xlC__ == 0x01010
| /* OK */
| #else
| # error defined __xlC__ && __xlC__ == 0x01010
| #endif
| 
| int
| main ()
| {
| 
|   ;
|   return 0;
| }
configure:4272: g++ -c -g -O2  -I/home/mb425/Boost/Boost_1.61/include conftest.cpp >&5
conftest.cpp:14:3: error: #error defined __xlC__ && __xlC__ == 0x0b01
 # error defined __xlC__ && __xlC__ == 0x0b01
   ^
configure:4272: $? = 1
configure: failed program was:
| /* confdefs.h */
| #define PACKAGE_NAME "RepastHPC"
| #define PACKAGE_TARNAME "repasthpc"
| #define PACKAGE_VERSION "2.2.0"
| #define PACKAGE_STRING "RepastHPC 2.2.0"
| #define PACKAGE_BUGREPORT "repast-interest@sourceforge.net"
| #define PACKAGE_URL ""
| #define HAVE_BOOST 1
| /* end confdefs.h.  */
| 
| #if defined __xlC__ && __xlC__ == 0x0b01
| /* OK */
| #else
| # error defined __xlC__ && __xlC__ == 0x0b01
| #endif
| 
| int
| main ()
| {
| 
|   ;
|   return 0;
| }
configure:4272: g++ -c -g -O2  -I/home/mb425/Boost/Boost_1.61/include conftest.cpp >&5
conftest.cpp:14:3: error: #error defined _MSC_VER && _MSC_VER == 1300
 # error defined _MSC_VER && _MSC_VER == 1300
   ^
configure:4272: $? = 1
configure: failed program was:
| /* confdefs.h */
| #define PACKAGE_NAME "RepastHPC"
| #define PACKAGE_TARNAME "repasthpc"
| #define PACKAGE_VERSION "2.2.0"
| #define PACKAGE_STRING "RepastHPC 2.2.0"
| #define PACKAGE_BUGREPORT "repast-interest@sourceforge.net"
| #define PACKAGE_URL ""
| #define HAVE_BOOST 1
| /* end confdefs.h.  */
| 
| #if defined _MSC_VER && _MSC_VER == 1300
| /* OK */
| #else
| # error defined _MSC_VER && _MSC_VER == 1300
| #endif
| 
| int
| main ()
| {
| 
|   ;
|   return 0;
| }
configure:4272: g++ -c -g -O2  -I/home/mb425/Boost/Boost_1.61/include conftest.cpp >&5
conftest.cpp:14:3: error: #error defined __GNUC__ && __GNUC__ == 4 && __GNUC_MINOR__ == 4 && !defined __ICC
 # error defined __GNUC__ && __GNUC__ == 4 && __GNUC_MINOR__ == 4 && !defined __ICC
   ^
configure:4272: $? = 1
configure: failed program was:
| /* confdefs.h */
| #define PACKAGE_NAME "RepastHPC"
| #define PACKAGE_TARNAME "repasthpc"
| #define PACKAGE_VERSION "2.2.0"
| #define PACKAGE_STRING "RepastHPC 2.2.0"
| #define PACKAGE_BUGREPORT "repast-interest@sourceforge.net"
| #define PACKAGE_URL ""
| #define HAVE_BOOST 1
| /* end confdefs.h.  */
| 
| #if defined __GNUC__ && __GNUC__ == 4 && __GNUC_MINOR__ == 4 && !defined __ICC
| /* OK */
| #else
| # error defined __GNUC__ && __GNUC__ == 4 && __GNUC_MINOR__ == 4 && !defined __ICC
| #endif
| 
| int
| main ()
| {
| 
|   ;
|   return 0;
| }
configure:4272: g++ -c -g -O2  -I/home/mb425/Boost/Boost_1.61/include conftest.cpp >&5
conftest.cpp:14:3: error: #error defined __GNUC__ && __GNUC__ == 2 && __GNUC_MINOR__ == 95 && !defined __ICC
 # error defined __GNUC__ && __GNUC__ == 2 && __GNUC_MINOR__ == 95 && !defined __ICC
   ^
configure:4272: $? = 1
configure: failed program was:
| /* confdefs.h */
| #define PACKAGE_NAME "RepastHPC"
| #define PACKAGE_TARNAME "repasthpc"
| #define PACKAGE_VERSION "2.2.0"
| #define PACKAGE_STRING "RepastHPC 2.2.0"
| #define PACKAGE_BUGREPORT "repast-interest@sourceforge.net"
| #define PACKAGE_URL ""
| #define HAVE_BOOST 1
| /* end confdefs.h.  */
| 
| #if defined __GNUC__ && __GNUC__ == 2 && __GNUC_MINOR__ == 95 && !defined __ICC
| /* OK */
| #else
| # error defined __GNUC__ && __GNUC__ == 2 && __GNUC_MINOR__ == 95 && !defined __ICC
| #endif
| 
| int
| main ()
| {
| 
|   ;
|   return 0;
| }
configure:4272: g++ -c -g -O2  -I/home/mb425/Boost/Boost_1.61/include conftest.cpp >&5
conftest.cpp:14:3: error: #error defined __MWERKS__ && __MWERKS__ <= 0x32FF
 # error defined __MWERKS__ && __MWERKS__ <= 0x32FF
   ^
configure:4272: $? = 1
configure: failed program was:
| /* confdefs.h */
| #define PACKAGE_NAME "RepastHPC"
| #define PACKAGE_TARNAME "repasthpc"
| #define PACKAGE_VERSION "2.2.0"
| #define PACKAGE_STRING "RepastHPC 2.2.0"
| #define PACKAGE_BUGREPORT "repast-interest@sourceforge.net"
| #define PACKAGE_URL ""
| #define HAVE_BOOST 1
| /* end confdefs.h.  */
| 
| #if defined __MWERKS__ && __MWERKS__ <= 0x32FF
| /* OK */
| #else
| # error defined __MWERKS__ && __MWERKS__ <= 0x32FF
| #endif
| 
| int
| main ()
| {
| 
|   ;
|   return 0;
| }
configure:4272: g++ -c -g -O2  -I/home/mb425/Boost/Boost_1.61/include conftest.cpp >&5
conftest.cpp:14:3: error: #error defined _MSC_VER && _MSC_VER < 1300 && !defined UNDER_CE
 # error defined _MSC_VER && _MSC_VER < 1300 && !defined UNDER_CE
   ^
configure:4272: $? = 1
configure: failed program was:
| /* confdefs.h */
| #define PACKAGE_NAME "RepastHPC"
| #define PACKAGE_TARNAME "repasthpc"
| #define PACKAGE_VERSION "2.2.0"
| #define PACKAGE_STRING "RepastHPC 2.2.0"
| #define PACKAGE_BUGREPORT "repast-interest@sourceforge.net"
| #define PACKAGE_URL ""
| #define HAVE_BOOST 1
| /* end confdefs.h.  */
| 
| #if defined _MSC_VER && _MSC_VER < 1300 && !defined UNDER_CE
| /* OK */
| #else
| # error defined _MSC_VER && _MSC_VER < 1300 && !defined UNDER_CE
| #endif
| 
| int
| main ()
| {
| 
|   ;
|   return 0;
| }
configure:4272: g++ -c -g -O2  -I/home/mb425/Boost/Boost_1.61/include conftest.cpp >&5
conftest.cpp:14:3: error: #error defined _MSC_VER && _MSC_VER < 1300 && defined UNDER_CE
 # error defined _MSC_VER && _MSC_VER < 1300 && defined UNDER_CE
   ^
configure:4272: $? = 1
configure: failed program was:
| /* confdefs.h */
| #define PACKAGE_NAME "RepastHPC"
| #define PACKAGE_TARNAME "repasthpc"
| #define PACKAGE_VERSION "2.2.0"
| #define PACKAGE_STRING "RepastHPC 2.2.0"
| #define PACKAGE_BUGREPORT "repast-interest@sourceforge.net"
| #define PACKAGE_URL ""
| #define HAVE_BOOST 1
| /* end confdefs.h.  */
| 
| #if defined _MSC_VER && _MSC_VER < 1300 && defined UNDER_CE
| /* OK */
| #else
| # error defined _MSC_VER && _MSC_VER < 1300 && defined UNDER_CE
| #endif
| 
| int
| main ()
| {
| 
|   ;
|   return 0;
| }
configure:4272: g++ -c -g -O2  -I/home/mb425/Boost/Boost_1.61/include conftest.cpp >&5
conftest.cpp:14:3: error: #error defined __MWERKS__ && __MWERKS__ <= 0x31FF
 # error defined __MWERKS__ && __MWERKS__ <= 0x31FF
   ^
configure:4272: $? = 1
configure: failed program was:
| /* confdefs.h */
| #define PACKAGE_NAME "RepastHPC"
| #define PACKAGE_TARNAME "repasthpc"
| #define PACKAGE_VERSION "2.2.0"
| #define PACKAGE_STRING "RepastHPC 2.2.0"
| #define PACKAGE_BUGREPORT "repast-interest@sourceforge.net"
| #define PACKAGE_URL ""
| #define HAVE_BOOST 1
| /* end confdefs.h.  */
| 
| #if defined __MWERKS__ && __MWERKS__ <= 0x31FF
| /* OK */
| #else
| # error defined __MWERKS__ && __MWERKS__ <= 0x31FF
| #endif
| 
| int
| main ()
| {
| 
|   ;
|   return 0;
| }
configure:4300: WARNING: could not figure out which toolset name to use for g++
configure:4307: result: 
configure:4334: mpicc -c -g -O2  -I/home/mb425/Boost/Boost_1.61/include conftest.c >&5
conftest.c(14): error: #error directive: MT not needed
  # error MT not needed
    ^

compilation aborted for conftest.c (code 2)
configure:4334: $? = 2
configure: failed program was:
| /* confdefs.h */
| #define PACKAGE_NAME "RepastHPC"
| #define PACKAGE_TARNAME "repasthpc"
| #define PACKAGE_VERSION "2.2.0"
| #define PACKAGE_STRING "RepastHPC 2.2.0"
| #define PACKAGE_BUGREPORT "repast-interest@sourceforge.net"
| #define PACKAGE_URL ""
| #define HAVE_BOOST 1
| /* end confdefs.h.  */
| 
| #if defined _REENTRANT || defined _MT || defined __MT__
| /* use -mt */
| #else
| # error MT not needed
| #endif
| 
| int
| main ()
| {
| 
|   ;
|   return 0;
| }
configure:4346: checking how to run the C++ preprocessor
configure:4373: g++ -E  -I/home/mb425/Boost/Boost_1.61/include conftest.cpp
configure:4373: $? = 0
configure:4387: g++ -E  -I/home/mb425/Boost/Boost_1.61/include conftest.cpp
conftest.cpp:10:28: fatal error: ac_nonexistent.h: No such file or directory
compilation terminated.
configure:4387: $? = 1
configure: failed program was:
| /* confdefs.h */
| #define PACKAGE_NAME "RepastHPC"
| #define PACKAGE_TARNAME "repasthpc"
| #define PACKAGE_VERSION "2.2.0"
| #define PACKAGE_STRING "RepastHPC 2.2.0"
| #define PACKAGE_BUGREPORT "repast-interest@sourceforge.net"
| #define PACKAGE_URL ""
| #define HAVE_BOOST 1
| /* end confdefs.h.  */
| #include <ac_nonexistent.h>
configure:4412: result: g++ -E
configure:4432: g++ -E  -I/home/mb425/Boost/Boost_1.61/include conftest.cpp
configure:4432: $? = 0
configure:4446: g++ -E  -I/home/mb425/Boost/Boost_1.61/include conftest.cpp
conftest.cpp:10:28: fatal error: ac_nonexistent.h: No such file or directory
compilation terminated.
configure:4446: $? = 1
configure: failed program was:
| /* confdefs.h */
| #define PACKAGE_NAME "RepastHPC"
| #define PACKAGE_TARNAME "repasthpc"
| #define PACKAGE_VERSION "2.2.0"
| #define PACKAGE_STRING "RepastHPC 2.2.0"
| #define PACKAGE_BUGREPORT "repast-interest@sourceforge.net"
| #define PACKAGE_URL ""
| #define HAVE_BOOST 1
| /* end confdefs.h.  */
| #include <ac_nonexistent.h>
configure:4475: checking for egrep
configure:4537: result: /usr/bin/grep -E
configure:4542: checking for ANSI C header files
configure:4562: g++ -c -g -O2  -I/home/mb425/Boost/Boost_1.61/include conftest.cpp >&5
configure:4562: $? = 0
configure:4635: g++ -o conftest -g -O2  -I/home/mb425/Boost/Boost_1.61/include  -L/home/mb425/Boos/Boost_1.61/lib conftest.cpp  >&5
configure:4635: $? = 0
configure:4635: ./conftest
configure:4635: $? = 0
configure:4646: result: yes
configure:4659: checking for sys/types.h
configure:4659: g++ -c -g -O2  -I/home/mb425/Boost/Boost_1.61/include conftest.cpp >&5
configure:4659: $? = 0
configure:4659: result: yes
configure:4659: checking for sys/stat.h
configure:4659: g++ -c -g -O2  -I/home/mb425/Boost/Boost_1.61/include conftest.cpp >&5
configure:4659: $? = 0
configure:4659: result: yes
configure:4659: checking for stdlib.h
configure:4659: g++ -c -g -O2  -I/home/mb425/Boost/Boost_1.61/include conftest.cpp >&5
configure:4659: $? = 0
configure:4659: result: yes
configure:4659: checking for string.h
configure:4659: g++ -c -g -O2  -I/home/mb425/Boost/Boost_1.61/include conftest.cpp >&5
configure:4659: $? = 0
configure:4659: result: yes
configure:4659: checking for memory.h
configure:4659: g++ -c -g -O2  -I/home/mb425/Boost/Boost_1.61/include conftest.cpp >&5
configure:4659: $? = 0
configure:4659: result: yes
configure:4659: checking for strings.h
configure:4659: g++ -c -g -O2  -I/home/mb425/Boost/Boost_1.61/include conftest.cpp >&5
configure:4659: $? = 0
configure:4659: result: yes
configure:4659: checking for inttypes.h
configure:4659: g++ -c -g -O2  -I/home/mb425/Boost/Boost_1.61/include conftest.cpp >&5
configure:4659: $? = 0
configure:4659: result: yes
configure:4659: checking for stdint.h
configure:4659: g++ -c -g -O2  -I/home/mb425/Boost/Boost_1.61/include conftest.cpp >&5
configure:4659: $? = 0
configure:4659: result: yes
configure:4659: checking for unistd.h
configure:4659: g++ -c -g -O2  -I/home/mb425/Boost/Boost_1.61/include conftest.cpp >&5
configure:4659: $? = 0
configure:4659: result: yes
configure:4691: checking boost/archive/text_oarchive.hpp usability
configure:4691: g++ -c -g -O2  -I/home/mb425/Boost/Boost_1.61/include  conftest.cpp >&5
configure:4691: $? = 0
configure:4691: result: yes
configure:4691: checking boost/archive/text_oarchive.hpp presence
configure:4691: g++ -E  -I/home/mb425/Boost/Boost_1.61/include  conftest.cpp
configure:4691: $? = 0
configure:4691: result: yes
configure:4691: checking for boost/archive/text_oarchive.hpp
configure:4691: result: yes
configure:4718: checking for the Boost serialization library
configure:4761: g++ -c -g -O2  -I/home/mb425/Boost/Boost_1.61/include  conftest.cpp >&5
configure:4761: $? = 0
configure:4812: re-using the existing conftest.o
configure:4818: g++ -o conftest -g -O2  -I/home/mb425/Boost/Boost_1.61/include   -L/home/mb425/Boos/Boost_1.61/lib -L/usr/local/lib conftest.o -lboost_serialization--mt--mt-1_53  >&5
/usr/bin/ld: cannot find -lboost_serialization--mt--mt-1_53
collect2: error: ld returned 1 exit status
configure:4827: $? = 1
configure:4812: re-using the existing conftest.o
configure:4818: g++ -o conftest -g -O2  -I/home/mb425/Boost/Boost_1.61/include   -L/home/mb425/Boos/Boost_1.61/lib -L/usr/lib conftest.o -lboost_serialization--mt--mt-1_53  >&5
/usr/bin/ld: cannot find -lboost_serialization--mt--mt-1_53
/usr/bin/ld: skipping incompatible /usr/lib/libm.so when searching for -lm
/usr/bin/ld: skipping incompatible /usr/lib/libc.so when searching for -lc
collect2: error: ld returned 1 exit status
configure:4827: $? = 1
configure:4812: re-using the existing conftest.o
configure:4818: g++ -o conftest -g -O2  -I/home/mb425/Boost/Boost_1.61/include   -L/home/mb425/Boos/Boost_1.61/lib -L/lib conftest.o -lboost_serialization--mt--mt-1_53  >&5
/usr/bin/ld: cannot find -lboost_serialization--mt--mt-1_53
/usr/bin/ld: skipping incompatible /lib/libm.so when searching for -lm
/usr/bin/ld: skipping incompatible /lib/libc.so when searching for -lc
collect2: error: ld returned 1 exit status
configure:4827: $? = 1
configure:4812: re-using the existing conftest.o
configure:4818: g++ -o conftest -g -O2  -I/home/mb425/Boost/Boost_1.61/include   -L/home/mb425/Boos/Boost_1.61/lib -L/usr/lib64 conftest.o -lboost_serialization--mt--mt-1_53  >&5
/usr/bin/ld: cannot find -lboost_serialization--mt--mt-1_53
collect2: error: ld returned 1 exit status
configure:4827: $? = 1
configure:4812: re-using the existing conftest.o
configure:4818: g++ -o conftest -g -O2  -I/home/mb425/Boost/Boost_1.61/include   -L/home/mb425/Boos/Boost_1.61/lib -L/lib64 conftest.o -lboost_serialization--mt--mt-1_53  >&5
/usr/bin/ld: cannot find -lboost_serialization--mt--mt-1_53
collect2: error: ld returned 1 exit status
configure:4827: $? = 1
configure:4812: re-using the existing conftest.o
configure:4818: g++ -o conftest -g -O2  -I/home/mb425/Boost/Boost_1.61/include   -L/home/mb425/Boos/Boost_1.61/lib -L/usr/local/lib conftest.o -lboost_serialization---mt-1_53  >&5
/usr/bin/ld: cannot find -lboost_serialization---mt-1_53
collect2: error: ld returned 1 exit status
configure:4827: $? = 1
configure:4812: re-using the existing conftest.o
configure:4818: g++ -o conftest -g -O2  -I/home/mb425/Boost/Boost_1.61/include   -L/home/mb425/Boos/Boost_1.61/lib -L/usr/lib conftest.o -lboost_serialization---mt-1_53  >&5
/usr/bin/ld: cannot find -lboost_serialization---mt-1_53
/usr/bin/ld: skipping incompatible /usr/lib/libm.so when searching for -lm
/usr/bin/ld: skipping incompatible /usr/lib/libc.so when searching for -lc
collect2: error: ld returned 1 exit status
configure:4827: $? = 1
configure:4812: re-using the existing conftest.o
configure:4818: g++ -o conftest -g -O2  -I/home/mb425/Boost/Boost_1.61/include   -L/home/mb425/Boos/Boost_1.61/lib -L/lib conftest.o -lboost_serialization---mt-1_53  >&5
/usr/bin/ld: cannot find -lboost_serialization---mt-1_53
/usr/bin/ld: skipping incompatible /lib/libm.so when searching for -lm
/usr/bin/ld: skipping incompatible /lib/libc.so when searching for -lc
collect2: error: ld returned 1 exit status
configure:4827: $? = 1
configure:4812: re-using the existing conftest.o
configure:4818: g++ -o conftest -g -O2  -I/home/mb425/Boost/Boost_1.61/include   -L/home/mb425/Boos/Boost_1.61/lib -L/usr/lib64 conftest.o -lboost_serialization---mt-1_53  >&5
/usr/bin/ld: cannot find -lboost_serialization---mt-1_53
collect2: error: ld returned 1 exit status
configure:4827: $? = 1
configure:4812: re-using the existing conftest.o
configure:4818: g++ -o conftest -g -O2  -I/home/mb425/Boost/Boost_1.61/include   -L/home/mb425/Boos/Boost_1.61/lib -L/lib64 conftest.o -lboost_serialization---mt-1_53  >&5
/usr/bin/ld: cannot find -lboost_serialization---mt-1_53
collect2: error: ld returned 1 exit status
configure:4827: $? = 1
configure:4812: re-using the existing conftest.o
configure:4818: g++ -o conftest -g -O2  -I/home/mb425/Boost/Boost_1.61/include   -L/home/mb425/Boos/Boost_1.61/lib -L/usr/local/lib conftest.o -lboost_serialization--mt-1_53  >&5
/usr/bin/ld: cannot find -lboost_serialization--mt-1_53
collect2: error: ld returned 1 exit status
configure:4827: $? = 1
configure:4812: re-using the existing conftest.o
configure:4818: g++ -o conftest -g -O2  -I/home/mb425/Boost/Boost_1.61/include   -L/home/mb425/Boos/Boost_1.61/lib -L/usr/lib conftest.o -lboost_serialization--mt-1_53  >&5
/usr/bin/ld: cannot find -lboost_serialization--mt-1_53
/usr/bin/ld: skipping incompatible /usr/lib/libm.so when searching for -lm
/usr/bin/ld: skipping incompatible /usr/lib/libc.so when searching for -lc
collect2: error: ld returned 1 exit status
configure:4827: $? = 1
configure:4812: re-using the existing conftest.o
configure:4818: g++ -o conftest -g -O2  -I/home/mb425/Boost/Boost_1.61/include   -L/home/mb425/Boos/Boost_1.61/lib -L/lib conftest.o -lboost_serialization--mt-1_53  >&5
/usr/bin/ld: cannot find -lboost_serialization--mt-1_53
/usr/bin/ld: skipping incompatible /lib/libm.so when searching for -lm
/usr/bin/ld: skipping incompatible /lib/libc.so when searching for -lc
collect2: error: ld returned 1 exit status
configure:4827: $? = 1
configure:4812: re-using the existing conftest.o
configure:4818: g++ -o conftest -g -O2  -I/home/mb425/Boost/Boost_1.61/include   -L/home/mb425/Boos/Boost_1.61/lib -L/usr/lib64 conftest.o -lboost_serialization--mt-1_53  >&5
/usr/bin/ld: cannot find -lboost_serialization--mt-1_53
collect2: error: ld returned 1 exit status
configure:4827: $? = 1
configure:4812: re-using the existing conftest.o
configure:4818: g++ -o conftest -g -O2  -I/home/mb425/Boost/Boost_1.61/include   -L/home/mb425/Boos/Boost_1.61/lib -L/lib64 conftest.o -lboost_serialization--mt-1_53  >&5
/usr/bin/ld: cannot find -lboost_serialization--mt-1_53
collect2: error: ld returned 1 exit status
configure:4827: $? = 1
configure:4812: re-using the existing conftest.o
configure:4818: g++ -o conftest -g -O2  -I/home/mb425/Boost/Boost_1.61/include   -L/home/mb425/Boos/Boost_1.61/lib -L/usr/local/lib conftest.o -lboost_serialization--1_53  >&5
/usr/bin/ld: cannot find -lboost_serialization--1_53
collect2: error: ld returned 1 exit status
configure:4827: $? = 1
configure:4812: re-using the existing conftest.o
configure:4818: g++ -o conftest -g -O2  -I/home/mb425/Boost/Boost_1.61/include   -L/home/mb425/Boos/Boost_1.61/lib -L/usr/lib conftest.o -lboost_serialization--1_53  >&5
/usr/bin/ld: cannot find -lboost_serialization--1_53
/usr/bin/ld: skipping incompatible /usr/lib/libm.so when searching for -lm
/usr/bin/ld: skipping incompatible /usr/lib/libc.so when searching for -lc
collect2: error: ld returned 1 exit status
configure:4827: $? = 1
configure:4812: re-using the existing conftest.o
configure:4818: g++ -o conftest -g -O2  -I/home/mb425/Boost/Boost_1.61/include   -L/home/mb425/Boos/Boost_1.61/lib -L/lib conftest.o -lboost_serialization--1_53  >&5
/usr/bin/ld: cannot find -lboost_serialization--1_53
/usr/bin/ld: skipping incompatible /lib/libm.so when searching for -lm
/usr/bin/ld: skipping incompatible /lib/libc.so when searching for -lc
collect2: error: ld returned 1 exit status
configure:4827: $? = 1
configure:4812: re-using the existing conftest.o
configure:4818: g++ -o conftest -g -O2  -I/home/mb425/Boost/Boost_1.61/include   -L/home/mb425/Boos/Boost_1.61/lib -L/usr/lib64 conftest.o -lboost_serialization--1_53  >&5
/usr/bin/ld: cannot find -lboost_serialization--1_53
collect2: error: ld returned 1 exit status
configure:4827: $? = 1
configure:4812: re-using the existing conftest.o
configure:4818: g++ -o conftest -g -O2  -I/home/mb425/Boost/Boost_1.61/include   -L/home/mb425/Boos/Boost_1.61/lib -L/lib64 conftest.o -lboost_serialization--1_53  >&5
/usr/bin/ld: cannot find -lboost_serialization--1_53
collect2: error: ld returned 1 exit status
configure:4827: $? = 1
configure:4812: re-using the existing conftest.o
configure:4818: g++ -o conftest -g -O2  -I/home/mb425/Boost/Boost_1.61/include   -L/home/mb425/Boos/Boost_1.61/lib -L/usr/local/lib conftest.o -lboost_serialization--mt-d-1_53  >&5
/usr/bin/ld: cannot find -lboost_serialization--mt-d-1_53
collect2: error: ld returned 1 exit status
configure:4827: $? = 1
configure:4812: re-using the existing conftest.o
configure:4818: g++ -o conftest -g -O2  -I/home/mb425/Boost/Boost_1.61/include   -L/home/mb425/Boos/Boost_1.61/lib -L/usr/lib conftest.o -lboost_serialization--mt-d-1_53  >&5
/usr/bin/ld: cannot find -lboost_serialization--mt-d-1_53
/usr/bin/ld: skipping incompatible /usr/lib/libm.so when searching for -lm
/usr/bin/ld: skipping incompatible /usr/lib/libc.so when searching for -lc
collect2: error: ld returned 1 exit status
configure:4827: $? = 1
configure:4812: re-using the existing conftest.o
configure:4818: g++ -o conftest -g -O2  -I/home/mb425/Boost/Boost_1.61/include   -L/home/mb425/Boos/Boost_1.61/lib -L/lib conftest.o -lboost_serialization--mt-d-1_53  >&5
/usr/bin/ld: cannot find -lboost_serialization--mt-d-1_53
/usr/bin/ld: skipping incompatible /lib/libm.so when searching for -lm
/usr/bin/ld: skipping incompatible /lib/libc.so when searching for -lc
collect2: error: ld returned 1 exit status
configure:4827: $? = 1
configure:4812: re-using the existing conftest.o
configure:4818: g++ -o conftest -g -O2  -I/home/mb425/Boost/Boost_1.61/include   -L/home/mb425/Boos/Boost_1.61/lib -L/usr/lib64 conftest.o -lboost_serialization--mt-d-1_53  >&5
/usr/bin/ld: cannot find -lboost_serialization--mt-d-1_53
collect2: error: ld returned 1 exit status
configure:4827: $? = 1
configure:4812: re-using the existing conftest.o
configure:4818: g++ -o conftest -g -O2  -I/home/mb425/Boost/Boost_1.61/include   -L/home/mb425/Boos/Boost_1.61/lib -L/lib64 conftest.o -lboost_serialization--mt-d-1_53  >&5
/usr/bin/ld: cannot find -lboost_serialization--mt-d-1_53
collect2: error: ld returned 1 exit status
configure:4827: $? = 1
configure:4812: re-using the existing conftest.o
configure:4818: g++ -o conftest -g -O2  -I/home/mb425/Boost/Boost_1.61/include   -L/home/mb425/Boos/Boost_1.61/lib -L/usr/local/lib conftest.o -lboost_serialization--d-1_53  >&5
/usr/bin/ld: cannot find -lboost_serialization--d-1_53
collect2: error: ld returned 1 exit status
configure:4827: $? = 1
configure:4812: re-using the existing conftest.o
configure:4818: g++ -o conftest -g -O2  -I/home/mb425/Boost/Boost_1.61/include   -L/home/mb425/Boos/Boost_1.61/lib -L/usr/lib conftest.o -lboost_serialization--d-1_53  >&5
/usr/bin/ld: cannot find -lboost_serialization--d-1_53
/usr/bin/ld: skipping incompatible /usr/lib/libm.so when searching for -lm
/usr/bin/ld: skipping incompatible /usr/lib/libc.so when searching for -lc
collect2: error: ld returned 1 exit status
configure:4827: $? = 1
configure:4812: re-using the existing conftest.o
configure:4818: g++ -o conftest -g -O2  -I/home/mb425/Boost/Boost_1.61/include   -L/home/mb425/Boos/Boost_1.61/lib -L/lib conftest.o -lboost_serialization--d-1_53  >&5
/usr/bin/ld: cannot find -lboost_serialization--d-1_53
/usr/bin/ld: skipping incompatible /lib/libm.so when searching for -lm
/usr/bin/ld: skipping incompatible /lib/libc.so when searching for -lc
collect2: error: ld returned 1 exit status
configure:4827: $? = 1
configure:4812: re-using the existing conftest.o
configure:4818: g++ -o conftest -g -O2  -I/home/mb425/Boost/Boost_1.61/include   -L/home/mb425/Boos/Boost_1.61/lib -L/usr/lib64 conftest.o -lboost_serialization--d-1_53  >&5
/usr/bin/ld: cannot find -lboost_serialization--d-1_53
collect2: error: ld returned 1 exit status
configure:4827: $? = 1
configure:4812: re-using the existing conftest.o
configure:4818: g++ -o conftest -g -O2  -I/home/mb425/Boost/Boost_1.61/include   -L/home/mb425/Boos/Boost_1.61/lib -L/lib64 conftest.o -lboost_serialization--d-1_53  >&5
/usr/bin/ld: cannot find -lboost_serialization--d-1_53
collect2: error: ld returned 1 exit status
configure:4827: $? = 1
configure:4812: re-using the existing conftest.o
configure:4818: g++ -o conftest -g -O2  -I/home/mb425/Boost/Boost_1.61/include   -L/home/mb425/Boos/Boost_1.61/lib -L/usr/local/lib conftest.o -lboost_serialization--mt--mt  >&5
/usr/bin/ld: cannot find -lboost_serialization--mt--mt
collect2: error: ld returned 1 exit status
configure:4827: $? = 1
configure:4812: re-using the existing conftest.o
configure:4818: g++ -o conftest -g -O2  -I/home/mb425/Boost/Boost_1.61/include   -L/home/mb425/Boos/Boost_1.61/lib -L/usr/lib conftest.o -lboost_serialization--mt--mt  >&5
/usr/bin/ld: cannot find -lboost_serialization--mt--mt
/usr/bin/ld: skipping incompatible /usr/lib/libm.so when searching for -lm
/usr/bin/ld: skipping incompatible /usr/lib/libc.so when searching for -lc
collect2: error: ld returned 1 exit status
configure:4827: $? = 1
configure:4812: re-using the existing conftest.o
configure:4818: g++ -o conftest -g -O2  -I/home/mb425/Boost/Boost_1.61/include   -L/home/mb425/Boos/Boost_1.61/lib -L/lib conftest.o -lboost_serialization--mt--mt  >&5
/usr/bin/ld: cannot find -lboost_serialization--mt--mt
/usr/bin/ld: skipping incompatible /lib/libm.so when searching for -lm
/usr/bin/ld: skipping incompatible /lib/libc.so when searching for -lc
collect2: error: ld returned 1 exit status
configure:4827: $? = 1
configure:4812: re-using the existing conftest.o
configure:4818: g++ -o conftest -g -O2  -I/home/mb425/Boost/Boost_1.61/include   -L/home/mb425/Boos/Boost_1.61/lib -L/usr/lib64 conftest.o -lboost_serialization--mt--mt  >&5
/usr/bin/ld: cannot find -lboost_serialization--mt--mt
collect2: error: ld returned 1 exit status
configure:4827: $? = 1
configure:4812: re-using the existing conftest.o
configure:4818: g++ -o conftest -g -O2  -I/home/mb425/Boost/Boost_1.61/include   -L/home/mb425/Boos/Boost_1.61/lib -L/lib64 conftest.o -lboost_serialization--mt--mt  >&5
/usr/bin/ld: cannot find -lboost_serialization--mt--mt
collect2: error: ld returned 1 exit status
configure:4827: $? = 1
configure:4812: re-using the existing conftest.o
configure:4818: g++ -o conftest -g -O2  -I/home/mb425/Boost/Boost_1.61/include   -L/home/mb425/Boos/Boost_1.61/lib -L/usr/local/lib conftest.o -lboost_serialization---mt  >&5
/usr/bin/ld: cannot find -lboost_serialization---mt
collect2: error: ld returned 1 exit status
configure:4827: $? = 1
configure:4812: re-using the existing conftest.o
configure:4818: g++ -o conftest -g -O2  -I/home/mb425/Boost/Boost_1.61/include   -L/home/mb425/Boos/Boost_1.61/lib -L/usr/lib conftest.o -lboost_serialization---mt  >&5
/usr/bin/ld: cannot find -lboost_serialization---mt
/usr/bin/ld: skipping incompatible /usr/lib/libm.so when searching for -lm
/usr/bin/ld: skipping incompatible /usr/lib/libc.so when searching for -lc
collect2: error: ld returned 1 exit status
configure:4827: $? = 1
configure:4812: re-using the existing conftest.o
configure:4818: g++ -o conftest -g -O2  -I/home/mb425/Boost/Boost_1.61/include   -L/home/mb425/Boos/Boost_1.61/lib -L/lib conftest.o -lboost_serialization---mt  >&5
/usr/bin/ld: cannot find -lboost_serialization---mt
/usr/bin/ld: skipping incompatible /lib/libm.so when searching for -lm
/usr/bin/ld: skipping incompatible /lib/libc.so when searching for -lc
collect2: error: ld returned 1 exit status
configure:4827: $? = 1
configure:4812: re-using the existing conftest.o
configure:4818: g++ -o conftest -g -O2  -I/home/mb425/Boost/Boost_1.61/include   -L/home/mb425/Boos/Boost_1.61/lib -L/usr/lib64 conftest.o -lboost_serialization---mt  >&5
/usr/bin/ld: cannot find -lboost_serialization---mt
collect2: error: ld returned 1 exit status
configure:4827: $? = 1
configure:4812: re-using the existing conftest.o
configure:4818: g++ -o conftest -g -O2  -I/home/mb425/Boost/Boost_1.61/include   -L/home/mb425/Boos/Boost_1.61/lib -L/lib64 conftest.o -lboost_serialization---mt  >&5
/usr/bin/ld: cannot find -lboost_serialization---mt
collect2: error: ld returned 1 exit status
configure:4827: $? = 1
configure:4812: re-using the existing conftest.o
configure:4818: g++ -o conftest -g -O2  -I/home/mb425/Boost/Boost_1.61/include   -L/home/mb425/Boos/Boost_1.61/lib -L/usr/local/lib conftest.o -lboost_serialization--mt  >&5
/usr/bin/ld: cannot find -lboost_serialization--mt
collect2: error: ld returned 1 exit status
configure:4827: $? = 1
configure:4812: re-using the existing conftest.o
configure:4818: g++ -o conftest -g -O2  -I/home/mb425/Boost/Boost_1.61/include   -L/home/mb425/Boos/Boost_1.61/lib -L/usr/lib conftest.o -lboost_serialization--mt  >&5
/usr/bin/ld: cannot find -lboost_serialization--mt
/usr/bin/ld: skipping incompatible /usr/lib/libm.so when searching for -lm
/usr/bin/ld: skipping incompatible /usr/lib/libc.so when searching for -lc
collect2: error: ld returned 1 exit status
configure:4827: $? = 1
configure:4812: re-using the existing conftest.o
configure:4818: g++ -o conftest -g -O2  -I/home/mb425/Boost/Boost_1.61/include   -L/home/mb425/Boos/Boost_1.61/lib -L/lib conftest.o -lboost_serialization--mt  >&5
/usr/bin/ld: cannot find -lboost_serialization--mt
/usr/bin/ld: skipping incompatible /lib/libm.so when searching for -lm
/usr/bin/ld: skipping incompatible /lib/libc.so when searching for -lc
collect2: error: ld returned 1 exit status
configure:4827: $? = 1
configure:4812: re-using the existing conftest.o
configure:4818: g++ -o conftest -g -O2  -I/home/mb425/Boost/Boost_1.61/include   -L/home/mb425/Boos/Boost_1.61/lib -L/usr/lib64 conftest.o -lboost_serialization--mt  >&5
/usr/bin/ld: cannot find -lboost_serialization--mt
collect2: error: ld returned 1 exit status
configure:4827: $? = 1
configure:4812: re-using the existing conftest.o
configure:4818: g++ -o conftest -g -O2  -I/home/mb425/Boost/Boost_1.61/include   -L/home/mb425/Boos/Boost_1.61/lib -L/lib64 conftest.o -lboost_serialization--mt  >&5
/usr/bin/ld: cannot find -lboost_serialization--mt
collect2: error: ld returned 1 exit status
configure:4827: $? = 1
configure:4812: re-using the existing conftest.o
configure:4818: g++ -o conftest -g -O2  -I/home/mb425/Boost/Boost_1.61/include   -L/home/mb425/Boos/Boost_1.61/lib -L/usr/local/lib conftest.o -lboost_serialization-  >&5
/usr/bin/ld: cannot find -lboost_serialization-
collect2: error: ld returned 1 exit status
configure:4827: $? = 1
configure:4812: re-using the existing conftest.o
configure:4818: g++ -o conftest -g -O2  -I/home/mb425/Boost/Boost_1.61/include   -L/home/mb425/Boos/Boost_1.61/lib -L/usr/lib conftest.o -lboost_serialization-  >&5
/usr/bin/ld: cannot find -lboost_serialization-
/usr/bin/ld: skipping incompatible /usr/lib/libm.so when searching for -lm
/usr/bin/ld: skipping incompatible /usr/lib/libc.so when searching for -lc
collect2: error: ld returned 1 exit status
configure:4827: $? = 1
configure:4812: re-using the existing conftest.o
configure:4818: g++ -o conftest -g -O2  -I/home/mb425/Boost/Boost_1.61/include   -L/home/mb425/Boos/Boost_1.61/lib -L/lib conftest.o -lboost_serialization-  >&5
/usr/bin/ld: cannot find -lboost_serialization-
/usr/bin/ld: skipping incompatible /lib/libm.so when searching for -lm
/usr/bin/ld: skipping incompatible /lib/libc.so when searching for -lc
collect2: error: ld returned 1 exit status
configure:4827: $? = 1
configure:4812: re-using the existing conftest.o
configure:4818: g++ -o conftest -g -O2  -I/home/mb425/Boost/Boost_1.61/include   -L/home/mb425/Boos/Boost_1.61/lib -L/usr/lib64 conftest.o -lboost_serialization-  >&5
/usr/bin/ld: cannot find -lboost_serialization-
collect2: error: ld returned 1 exit status
configure:4827: $? = 1
configure:4812: re-using the existing conftest.o
configure:4818: g++ -o conftest -g -O2  -I/home/mb425/Boost/Boost_1.61/include   -L/home/mb425/Boos/Boost_1.61/lib -L/lib64 conftest.o -lboost_serialization-  >&5
/usr/bin/ld: cannot find -lboost_serialization-
collect2: error: ld returned 1 exit status
configure:4827: $? = 1
configure:4812: re-using the existing conftest.o
configure:4818: g++ -o conftest -g -O2  -I/home/mb425/Boost/Boost_1.61/include   -L/home/mb425/Boos/Boost_1.61/lib -L/usr/local/lib conftest.o -lboost_serialization--mt-d  >&5
/usr/bin/ld: cannot find -lboost_serialization--mt-d
collect2: error: ld returned 1 exit status
configure:4827: $? = 1
configure:4812: re-using the existing conftest.o
configure:4818: g++ -o conftest -g -O2  -I/home/mb425/Boost/Boost_1.61/include   -L/home/mb425/Boos/Boost_1.61/lib -L/usr/lib conftest.o -lboost_serialization--mt-d  >&5
/usr/bin/ld: cannot find -lboost_serialization--mt-d
/usr/bin/ld: skipping incompatible /usr/lib/libm.so when searching for -lm
/usr/bin/ld: skipping incompatible /usr/lib/libc.so when searching for -lc
collect2: error: ld returned 1 exit status
configure:4827: $? = 1
configure:4812: re-using the existing conftest.o
configure:4818: g++ -o conftest -g -O2  -I/home/mb425/Boost/Boost_1.61/include   -L/home/mb425/Boos/Boost_1.61/lib -L/lib conftest.o -lboost_serialization--mt-d  >&5
/usr/bin/ld: cannot find -lboost_serialization--mt-d
/usr/bin/ld: skipping incompatible /lib/libm.so when searching for -lm
/usr/bin/ld: skipping incompatible /lib/libc.so when searching for -lc
collect2: error: ld returned 1 exit status
configure:4827: $? = 1
configure:4812: re-using the existing conftest.o
configure:4818: g++ -o conftest -g -O2  -I/home/mb425/Boost/Boost_1.61/include   -L/home/mb425/Boos/Boost_1.61/lib -L/usr/lib64 conftest.o -lboost_serialization--mt-d  >&5
/usr/bin/ld: cannot find -lboost_serialization--mt-d
collect2: error: ld returned 1 exit status
configure:4827: $? = 1
configure:4812: re-using the existing conftest.o
configure:4818: g++ -o conftest -g -O2  -I/home/mb425/Boost/Boost_1.61/include   -L/home/mb425/Boos/Boost_1.61/lib -L/lib64 conftest.o -lboost_serialization--mt-d  >&5
/usr/bin/ld: cannot find -lboost_serialization--mt-d
collect2: error: ld returned 1 exit status
configure:4827: $? = 1
configure:4812: re-using the existing conftest.o
configure:4818: g++ -o conftest -g -O2  -I/home/mb425/Boost/Boost_1.61/include   -L/home/mb425/Boos/Boost_1.61/lib -L/usr/local/lib conftest.o -lboost_serialization--d  >&5
/usr/bin/ld: cannot find -lboost_serialization--d
collect2: error: ld returned 1 exit status
configure:4827: $? = 1
configure:4812: re-using the existing conftest.o
configure:4818: g++ -o conftest -g -O2  -I/home/mb425/Boost/Boost_1.61/include   -L/home/mb425/Boos/Boost_1.61/lib -L/usr/lib conftest.o -lboost_serialization--d  >&5
/usr/bin/ld: cannot find -lboost_serialization--d
/usr/bin/ld: skipping incompatible /usr/lib/libm.so when searching for -lm
/usr/bin/ld: skipping incompatible /usr/lib/libc.so when searching for -lc
collect2: error: ld returned 1 exit status
configure:4827: $? = 1
configure:4812: re-using the existing conftest.o
configure:4818: g++ -o conftest -g -O2  -I/home/mb425/Boost/Boost_1.61/include   -L/home/mb425/Boos/Boost_1.61/lib -L/lib conftest.o -lboost_serialization--d  >&5
/usr/bin/ld: cannot find -lboost_serialization--d
/usr/bin/ld: skipping incompatible /lib/libm.so when searching for -lm
/usr/bin/ld: skipping incompatible /lib/libc.so when searching for -lc
collect2: error: ld returned 1 exit status
configure:4827: $? = 1
configure:4812: re-using the existing conftest.o
configure:4818: g++ -o conftest -g -O2  -I/home/mb425/Boost/Boost_1.61/include   -L/home/mb425/Boos/Boost_1.61/lib -L/usr/lib64 conftest.o -lboost_serialization--d  >&5
/usr/bin/ld: cannot find -lboost_serialization--d
collect2: error: ld returned 1 exit status
configure:4827: $? = 1
configure:4812: re-using the existing conftest.o
configure:4818: g++ -o conftest -g -O2  -I/home/mb425/Boost/Boost_1.61/include   -L/home/mb425/Boos/Boost_1.61/lib -L/lib64 conftest.o -lboost_serialization--d  >&5
/usr/bin/ld: cannot find -lboost_serialization--d
collect2: error: ld returned 1 exit status
configure:4827: $? = 1
configure:4812: re-using the existing conftest.o
configure:4818: g++ -o conftest -g -O2  -I/home/mb425/Boost/Boost_1.61/include   -L/home/mb425/Boos/Boost_1.61/lib -L/usr/local/lib conftest.o -lboost_serialization-mt--mt-1_53  >&5
/usr/bin/ld: cannot find -lboost_serialization-mt--mt-1_53
collect2: error: ld returned 1 exit status
configure:4827: $? = 1
configure:4812: re-using the existing conftest.o
configure:4818: g++ -o conftest -g -O2  -I/home/mb425/Boost/Boost_1.61/include   -L/home/mb425/Boos/Boost_1.61/lib -L/usr/lib conftest.o -lboost_serialization-mt--mt-1_53  >&5
/usr/bin/ld: cannot find -lboost_serialization-mt--mt-1_53
/usr/bin/ld: skipping incompatible /usr/lib/libm.so when searching for -lm
/usr/bin/ld: skipping incompatible /usr/lib/libc.so when searching for -lc
collect2: error: ld returned 1 exit status
configure:4827: $? = 1
configure:4812: re-using the existing conftest.o
configure:4818: g++ -o conftest -g -O2  -I/home/mb425/Boost/Boost_1.61/include   -L/home/mb425/Boos/Boost_1.61/lib -L/lib conftest.o -lboost_serialization-mt--mt-1_53  >&5
/usr/bin/ld: cannot find -lboost_serialization-mt--mt-1_53
/usr/bin/ld: skipping incompatible /lib/libm.so when searching for -lm
/usr/bin/ld: skipping incompatible /lib/libc.so when searching for -lc
collect2: error: ld returned 1 exit status
configure:4827: $? = 1
configure:4812: re-using the existing conftest.o
configure:4818: g++ -o conftest -g -O2  -I/home/mb425/Boost/Boost_1.61/include   -L/home/mb425/Boos/Boost_1.61/lib -L/usr/lib64 conftest.o -lboost_serialization-mt--mt-1_53  >&5
/usr/bin/ld: cannot find -lboost_serialization-mt--mt-1_53
collect2: error: ld returned 1 exit status
configure:4827: $? = 1
configure:4812: re-using the existing conftest.o
configure:4818: g++ -o conftest -g -O2  -I/home/mb425/Boost/Boost_1.61/include   -L/home/mb425/Boos/Boost_1.61/lib -L/lib64 conftest.o -lboost_serialization-mt--mt-1_53  >&5
/usr/bin/ld: cannot find -lboost_serialization-mt--mt-1_53
collect2: error: ld returned 1 exit status
configure:4827: $? = 1
configure:4812: re-using the existing conftest.o
configure:4818: g++ -o conftest -g -O2  -I/home/mb425/Boost/Boost_1.61/include   -L/home/mb425/Boos/Boost_1.61/lib -L/usr/local/lib conftest.o -lboost_serialization-mt-1_53  >&5
/usr/bin/ld: cannot find -lboost_serialization-mt-1_53
collect2: error: ld returned 1 exit status
configure:4827: $? = 1
configure:4812: re-using the existing conftest.o
configure:4818: g++ -o conftest -g -O2  -I/home/mb425/Boost/Boost_1.61/include   -L/home/mb425/Boos/Boost_1.61/lib -L/usr/lib conftest.o -lboost_serialization-mt-1_53  >&5
/usr/bin/ld: cannot find -lboost_serialization-mt-1_53
/usr/bin/ld: skipping incompatible /usr/lib/libm.so when searching for -lm
/usr/bin/ld: skipping incompatible /usr/lib/libc.so when searching for -lc
collect2: error: ld returned 1 exit status
configure:4827: $? = 1
configure:4812: re-using the existing conftest.o
configure:4818: g++ -o conftest -g -O2  -I/home/mb425/Boost/Boost_1.61/include   -L/home/mb425/Boos/Boost_1.61/lib -L/lib conftest.o -lboost_serialization-mt-1_53  >&5
/usr/bin/ld: cannot find -lboost_serialization-mt-1_53
/usr/bin/ld: skipping incompatible /lib/libm.so when searching for -lm
/usr/bin/ld: skipping incompatible /lib/libc.so when searching for -lc
collect2: error: ld returned 1 exit status
configure:4827: $? = 1
configure:4812: re-using the existing conftest.o
configure:4818: g++ -o conftest -g -O2  -I/home/mb425/Boost/Boost_1.61/include   -L/home/mb425/Boos/Boost_1.61/lib -L/usr/lib64 conftest.o -lboost_serialization-mt-1_53  >&5
/usr/bin/ld: cannot find -lboost_serialization-mt-1_53
collect2: error: ld returned 1 exit status
configure:4827: $? = 1
configure:4812: re-using the existing conftest.o
configure:4818: g++ -o conftest -g -O2  -I/home/mb425/Boost/Boost_1.61/include   -L/home/mb425/Boos/Boost_1.61/lib -L/lib64 conftest.o -lboost_serialization-mt-1_53  >&5
/usr/bin/ld: cannot find -lboost_serialization-mt-1_53
collect2: error: ld returned 1 exit status
configure:4827: $? = 1
configure:4812: re-using the existing conftest.o
configure:4818: g++ -o conftest -g -O2  -I/home/mb425/Boost/Boost_1.61/include   -L/home/mb425/Boos/Boost_1.61/lib -L/usr/local/lib conftest.o -lboost_serialization-1_53  >&5
/usr/bin/ld: cannot find -lboost_serialization-1_53
collect2: error: ld returned 1 exit status
configure:4827: $? = 1
configure:4812: re-using the existing conftest.o
configure:4818: g++ -o conftest -g -O2  -I/home/mb425/Boost/Boost_1.61/include   -L/home/mb425/Boos/Boost_1.61/lib -L/usr/lib conftest.o -lboost_serialization-1_53  >&5
/usr/bin/ld: cannot find -lboost_serialization-1_53
/usr/bin/ld: skipping incompatible /usr/lib/libm.so when searching for -lm
/usr/bin/ld: skipping incompatible /usr/lib/libc.so when searching for -lc
collect2: error: ld returned 1 exit status
configure:4827: $? = 1
configure:4812: re-using the existing conftest.o
configure:4818: g++ -o conftest -g -O2  -I/home/mb425/Boost/Boost_1.61/include   -L/home/mb425/Boos/Boost_1.61/lib -L/lib conftest.o -lboost_serialization-1_53  >&5
/usr/bin/ld: cannot find -lboost_serialization-1_53
/usr/bin/ld: skipping incompatible /lib/libm.so when searching for -lm
/usr/bin/ld: skipping incompatible /lib/libc.so when searching for -lc
collect2: error: ld returned 1 exit status
configure:4827: $? = 1
configure:4812: re-using the existing conftest.o
configure:4818: g++ -o conftest -g -O2  -I/home/mb425/Boost/Boost_1.61/include   -L/home/mb425/Boos/Boost_1.61/lib -L/usr/lib64 conftest.o -lboost_serialization-1_53  >&5
/usr/bin/ld: cannot find -lboost_serialization-1_53
collect2: error: ld returned 1 exit status
configure:4827: $? = 1
configure:4812: re-using the existing conftest.o
configure:4818: g++ -o conftest -g -O2  -I/home/mb425/Boost/Boost_1.61/include   -L/home/mb425/Boos/Boost_1.61/lib -L/lib64 conftest.o -lboost_serialization-1_53  >&5
/usr/bin/ld: cannot find -lboost_serialization-1_53
collect2: error: ld returned 1 exit status
configure:4827: $? = 1
configure:4812: re-using the existing conftest.o
configure:4818: g++ -o conftest -g -O2  -I/home/mb425/Boost/Boost_1.61/include   -L/home/mb425/Boos/Boost_1.61/lib -L/usr/local/lib conftest.o -lboost_serialization-mt-d-1_53  >&5
/usr/bin/ld: cannot find -lboost_serialization-mt-d-1_53
collect2: error: ld returned 1 exit status
configure:4827: $? = 1
configure:4812: re-using the existing conftest.o
configure:4818: g++ -o conftest -g -O2  -I/home/mb425/Boost/Boost_1.61/include   -L/home/mb425/Boos/Boost_1.61/lib -L/usr/lib conftest.o -lboost_serialization-mt-d-1_53  >&5
/usr/bin/ld: cannot find -lboost_serialization-mt-d-1_53
/usr/bin/ld: skipping incompatible /usr/lib/libm.so when searching for -lm
/usr/bin/ld: skipping incompatible /usr/lib/libc.so when searching for -lc
collect2: error: ld returned 1 exit status
configure:4827: $? = 1
configure:4812: re-using the existing conftest.o
configure:4818: g++ -o conftest -g -O2  -I/home/mb425/Boost/Boost_1.61/include   -L/home/mb425/Boos/Boost_1.61/lib -L/lib conftest.o -lboost_serialization-mt-d-1_53  >&5
/usr/bin/ld: cannot find -lboost_serialization-mt-d-1_53
/usr/bin/ld: skipping incompatible /lib/libm.so when searching for -lm
/usr/bin/ld: skipping incompatible /lib/libc.so when searching for -lc
collect2: error: ld returned 1 exit status
configure:4827: $? = 1
configure:4812: re-using the existing conftest.o
configure:4818: g++ -o conftest -g -O2  -I/home/mb425/Boost/Boost_1.61/include   -L/home/mb425/Boos/Boost_1.61/lib -L/usr/lib64 conftest.o -lboost_serialization-mt-d-1_53  >&5
/usr/bin/ld: cannot find -lboost_serialization-mt-d-1_53
collect2: error: ld returned 1 exit status
configure:4827: $? = 1
configure:4812: re-using the existing conftest.o
configure:4818: g++ -o conftest -g -O2  -I/home/mb425/Boost/Boost_1.61/include   -L/home/mb425/Boos/Boost_1.61/lib -L/lib64 conftest.o -lboost_serialization-mt-d-1_53  >&5
/usr/bin/ld: cannot find -lboost_serialization-mt-d-1_53
collect2: error: ld returned 1 exit status
configure:4827: $? = 1
configure:4812: re-using the existing conftest.o
configure:4818: g++ -o conftest -g -O2  -I/home/mb425/Boost/Boost_1.61/include   -L/home/mb425/Boos/Boost_1.61/lib -L/usr/local/lib conftest.o -lboost_serialization-d-1_53  >&5
/usr/bin/ld: cannot find -lboost_serialization-d-1_53
collect2: error: ld returned 1 exit status
configure:4827: $? = 1
configure:4812: re-using the existing conftest.o
configure:4818: g++ -o conftest -g -O2  -I/home/mb425/Boost/Boost_1.61/include   -L/home/mb425/Boos/Boost_1.61/lib -L/usr/lib conftest.o -lboost_serialization-d-1_53  >&5
/usr/bin/ld: cannot find -lboost_serialization-d-1_53
/usr/bin/ld: skipping incompatible /usr/lib/libm.so when searching for -lm
/usr/bin/ld: skipping incompatible /usr/lib/libc.so when searching for -lc
collect2: error: ld returned 1 exit status
configure:4827: $? = 1
configure:4812: re-using the existing conftest.o
configure:4818: g++ -o conftest -g -O2  -I/home/mb425/Boost/Boost_1.61/include   -L/home/mb425/Boos/Boost_1.61/lib -L/lib conftest.o -lboost_serialization-d-1_53  >&5
/usr/bin/ld: cannot find -lboost_serialization-d-1_53
/usr/bin/ld: skipping incompatible /lib/libm.so when searching for -lm
/usr/bin/ld: skipping incompatible /lib/libc.so when searching for -lc
collect2: error: ld returned 1 exit status
configure:4827: $? = 1
configure:4812: re-using the existing conftest.o
configure:4818: g++ -o conftest -g -O2  -I/home/mb425/Boost/Boost_1.61/include   -L/home/mb425/Boos/Boost_1.61/lib -L/usr/lib64 conftest.o -lboost_serialization-d-1_53  >&5
/usr/bin/ld: cannot find -lboost_serialization-d-1_53
collect2: error: ld returned 1 exit status
configure:4827: $? = 1
configure:4812: re-using the existing conftest.o
configure:4818: g++ -o conftest -g -O2  -I/home/mb425/Boost/Boost_1.61/include   -L/home/mb425/Boos/Boost_1.61/lib -L/lib64 conftest.o -lboost_serialization-d-1_53  >&5
/usr/bin/ld: cannot find -lboost_serialization-d-1_53
collect2: error: ld returned 1 exit status
configure:4827: $? = 1
configure:4812: re-using the existing conftest.o
configure:4818: g++ -o conftest -g -O2  -I/home/mb425/Boost/Boost_1.61/include   -L/home/mb425/Boos/Boost_1.61/lib -L/usr/local/lib conftest.o -lboost_serialization-mt--mt  >&5
/usr/bin/ld: cannot find -lboost_serialization-mt--mt
collect2: error: ld returned 1 exit status
configure:4827: $? = 1
configure:4812: re-using the existing conftest.o
configure:4818: g++ -o conftest -g -O2  -I/home/mb425/Boost/Boost_1.61/include   -L/home/mb425/Boos/Boost_1.61/lib -L/usr/lib conftest.o -lboost_serialization-mt--mt  >&5
/usr/bin/ld: cannot find -lboost_serialization-mt--mt
/usr/bin/ld: skipping incompatible /usr/lib/libm.so when searching for -lm
/usr/bin/ld: skipping incompatible /usr/lib/libc.so when searching for -lc
collect2: error: ld returned 1 exit status
configure:4827: $? = 1
configure:4812: re-using the existing conftest.o
configure:4818: g++ -o conftest -g -O2  -I/home/mb425/Boost/Boost_1.61/include   -L/home/mb425/Boos/Boost_1.61/lib -L/lib conftest.o -lboost_serialization-mt--mt  >&5
/usr/bin/ld: cannot find -lboost_serialization-mt--mt
/usr/bin/ld: skipping incompatible /lib/libm.so when searching for -lm
/usr/bin/ld: skipping incompatible /lib/libc.so when searching for -lc
collect2: error: ld returned 1 exit status
configure:4827: $? = 1
configure:4812: re-using the existing conftest.o
configure:4818: g++ -o conftest -g -O2  -I/home/mb425/Boost/Boost_1.61/include   -L/home/mb425/Boos/Boost_1.61/lib -L/usr/lib64 conftest.o -lboost_serialization-mt--mt  >&5
/usr/bin/ld: cannot find -lboost_serialization-mt--mt
collect2: error: ld returned 1 exit status
configure:4827: $? = 1
configure:4812: re-using the existing conftest.o
configure:4818: g++ -o conftest -g -O2  -I/home/mb425/Boost/Boost_1.61/include   -L/home/mb425/Boos/Boost_1.61/lib -L/lib64 conftest.o -lboost_serialization-mt--mt  >&5
/usr/bin/ld: cannot find -lboost_serialization-mt--mt
collect2: error: ld returned 1 exit status
configure:4827: $? = 1
configure:4812: re-using the existing conftest.o
configure:4818: g++ -o conftest -g -O2  -I/home/mb425/Boost/Boost_1.61/include   -L/home/mb425/Boos/Boost_1.61/lib -L/usr/local/lib conftest.o -lboost_serialization-mt  >&5
conftest.o: In function `void boost::archive::save_access::save_primitive<boost::archive::text_oarchive, std::__cxx11::basic_string<char, std::char_traits<char>, std::allocator<char> > >(boost::archive::text_oarchive&, std::__cxx11::basic_string<char, std::char_traits<char>, std::allocator<char> > const&)':
/usr/include/boost/archive/detail/oserializer.hpp:88: undefined reference to `boost::archive::text_oarchive_impl<boost::archive::text_oarchive>::save(std::__cxx11::basic_string<char, std::char_traits<char>, std::allocator<char> > const&)'
collect2: error: ld returned 1 exit status
configure:4827: $? = 1
configure:4812: re-using the existing conftest.o
configure:4818: g++ -o conftest -g -O2  -I/home/mb425/Boost/Boost_1.61/include   -L/home/mb425/Boos/Boost_1.61/lib -L/usr/lib conftest.o -lboost_serialization-mt  >&5
/usr/bin/ld: skipping incompatible /usr/lib/libm.so when searching for -lm
/usr/bin/ld: skipping incompatible /usr/lib/libc.so when searching for -lc
conftest.o: In function `void boost::archive::save_access::save_primitive<boost::archive::text_oarchive, std::__cxx11::basic_string<char, std::char_traits<char>, std::allocator<char> > >(boost::archive::text_oarchive&, std::__cxx11::basic_string<char, std::char_traits<char>, std::allocator<char> > const&)':
/usr/include/boost/archive/detail/oserializer.hpp:88: undefined reference to `boost::archive::text_oarchive_impl<boost::archive::text_oarchive>::save(std::__cxx11::basic_string<char, std::char_traits<char>, std::allocator<char> > const&)'
collect2: error: ld returned 1 exit status
configure:4827: $? = 1
configure:4812: re-using the existing conftest.o
configure:4818: g++ -o conftest -g -O2  -I/home/mb425/Boost/Boost_1.61/include   -L/home/mb425/Boos/Boost_1.61/lib -L/lib conftest.o -lboost_serialization-mt  >&5
/usr/bin/ld: skipping incompatible /lib/libm.so when searching for -lm
/usr/bin/ld: skipping incompatible /lib/libc.so when searching for -lc
conftest.o: In function `void boost::archive::save_access::save_primitive<boost::archive::text_oarchive, std::__cxx11::basic_string<char, std::char_traits<char>, std::allocator<char> > >(boost::archive::text_oarchive&, std::__cxx11::basic_string<char, std::char_traits<char>, std::allocator<char> > const&)':
/usr/include/boost/archive/detail/oserializer.hpp:88: undefined reference to `boost::archive::text_oarchive_impl<boost::archive::text_oarchive>::save(std::__cxx11::basic_string<char, std::char_traits<char>, std::allocator<char> > const&)'
collect2: error: ld returned 1 exit status
configure:4827: $? = 1
configure:4812: re-using the existing conftest.o
configure:4818: g++ -o conftest -g -O2  -I/home/mb425/Boost/Boost_1.61/include   -L/home/mb425/Boos/Boost_1.61/lib -L/usr/lib64 conftest.o -lboost_serialization-mt  >&5
conftest.o: In function `void boost::archive::save_access::save_primitive<boost::archive::text_oarchive, std::__cxx11::basic_string<char, std::char_traits<char>, std::allocator<char> > >(boost::archive::text_oarchive&, std::__cxx11::basic_string<char, std::char_traits<char>, std::allocator<char> > const&)':
/usr/include/boost/archive/detail/oserializer.hpp:88: undefined reference to `boost::archive::text_oarchive_impl<boost::archive::text_oarchive>::save(std::__cxx11::basic_string<char, std::char_traits<char>, std::allocator<char> > const&)'
collect2: error: ld returned 1 exit status
configure:4827: $? = 1
configure:4812: re-using the existing conftest.o
configure:4818: g++ -o conftest -g -O2  -I/home/mb425/Boost/Boost_1.61/include   -L/home/mb425/Boos/Boost_1.61/lib -L/lib64 conftest.o -lboost_serialization-mt  >&5
conftest.o: In function `void boost::archive::save_access::save_primitive<boost::archive::text_oarchive, std::__cxx11::basic_string<char, std::char_traits<char>, std::allocator<char> > >(boost::archive::text_oarchive&, std::__cxx11::basic_string<char, std::char_traits<char>, std::allocator<char> > const&)':
/usr/include/boost/archive/detail/oserializer.hpp:88: undefined reference to `boost::archive::text_oarchive_impl<boost::archive::text_oarchive>::save(std::__cxx11::basic_string<char, std::char_traits<char>, std::allocator<char> > const&)'
collect2: error: ld returned 1 exit status
configure:4827: $? = 1
configure:4812: re-using the existing conftest.o
configure:4818: g++ -o conftest -g -O2  -I/home/mb425/Boost/Boost_1.61/include   -L/home/mb425/Boos/Boost_1.61/lib -L/usr/local/lib conftest.o -lboost_serialization  >&5
configure:4827: $? = 0
configure:4866: result: yes
configure:4912: checking boost/mpi.hpp usability
configure:4912: g++ -c -g -O2  -I/home/mb425/Boost/Boost_1.61/include  conftest.cpp >&5
In file included from /usr/include/boost/mpi/allocator.hpp:15:0,
                 from /usr/include/boost/mpi.hpp:22,
                 from conftest.cpp:54:
/usr/include/boost/mpi/config.hpp:20:17: fatal error: mpi.h: No such file or directory
compilation terminated.
configure:4912: $? = 1
configure: failed program was:
| /* confdefs.h */
| #define PACKAGE_NAME "RepastHPC"
| #define PACKAGE_TARNAME "repasthpc"
| #define PACKAGE_VERSION "2.2.0"
| #define PACKAGE_STRING "RepastHPC 2.2.0"
| #define PACKAGE_BUGREPORT "repast-interest@sourceforge.net"
| #define PACKAGE_URL ""
| #define HAVE_BOOST 1
| #define STDC_HEADERS 1
| #define HAVE_SYS_TYPES_H 1
| #define HAVE_SYS_STAT_H 1
| #define HAVE_STDLIB_H 1
| #define HAVE_STRING_H 1
| #define HAVE_MEMORY_H 1
| #define HAVE_STRINGS_H 1
| #define HAVE_INTTYPES_H 1
| #define HAVE_STDINT_H 1
| #define HAVE_UNISTD_H 1
| #define HAVE_BOOST_ARCHIVE_TEXT_OARCHIVE_HPP 1
| /* end confdefs.h.  */
| #include <stdio.h>
| #ifdef HAVE_SYS_TYPES_H
| # include <sys/types.h>
| #endif
| #ifdef HAVE_SYS_STAT_H
| # include <sys/stat.h>
| #endif
| #ifdef STDC_HEADERS
| # include <stdlib.h>
| # include <stddef.h>
| #else
| # ifdef HAVE_STDLIB_H
| #  include <stdlib.h>
| # endif
| #endif
| #ifdef HAVE_STRING_H
| # if !defined STDC_HEADERS && defined HAVE_MEMORY_H
| #  include <memory.h>
| # endif
| # include <string.h>
| #endif
| #ifdef HAVE_STRINGS_H
| # include <strings.h>
| #endif
| #ifdef HAVE_INTTYPES_H
| # include <inttypes.h>
| #endif
| #ifdef HAVE_STDINT_H
| # include <stdint.h>
| #endif
| #ifdef HAVE_UNISTD_H
| # include <unistd.h>
| #endif
| #include <boost/mpi.hpp>
configure:4912: result: no
configure:4912: checking boost/mpi.hpp presence
configure:4912: g++ -E  -I/home/mb425/Boost/Boost_1.61/include  conftest.cpp
In file included from /usr/include/boost/mpi/allocator.hpp:15:0,
                 from /usr/include/boost/mpi.hpp:22,
                 from conftest.cpp:21:
/usr/include/boost/mpi/config.hpp:20:17: fatal error: mpi.h: No such file or directory
compilation terminated.
configure:4912: $? = 1
configure: failed program was:
| /* confdefs.h */
| #define PACKAGE_NAME "RepastHPC"
| #define PACKAGE_TARNAME "repasthpc"
| #define PACKAGE_VERSION "2.2.0"
| #define PACKAGE_STRING "RepastHPC 2.2.0"
| #define PACKAGE_BUGREPORT "repast-interest@sourceforge.net"
| #define PACKAGE_URL ""
| #define HAVE_BOOST 1
| #define STDC_HEADERS 1
| #define HAVE_SYS_TYPES_H 1
| #define HAVE_SYS_STAT_H 1
| #define HAVE_STDLIB_H 1
| #define HAVE_STRING_H 1
| #define HAVE_MEMORY_H 1
| #define HAVE_STRINGS_H 1
| #define HAVE_INTTYPES_H 1
| #define HAVE_STDINT_H 1
| #define HAVE_UNISTD_H 1
| #define HAVE_BOOST_ARCHIVE_TEXT_OARCHIVE_HPP 1
| /* end confdefs.h.  */
| #include <boost/mpi.hpp>
configure:4912: result: no
configure:4912: checking for boost/mpi.hpp
configure:4912: result: no
configure:4918: error: cannot find boost/mpi.hpp

## ---------------- ##
## Cache variables. ##
## ---------------- ##

ac_cv_build=x86_64-pc-linux-gnu
ac_cv_c_compiler_gnu=yes
ac_cv_cxx_compiler_gnu=yes
ac_cv_env_BOOST_ROOT_set=
ac_cv_env_BOOST_ROOT_value=
ac_cv_env_CCC_set=
ac_cv_env_CCC_value=
ac_cv_env_CC_set=
ac_cv_env_CC_value=
ac_cv_env_CFLAGS_set=
ac_cv_env_CFLAGS_value=
ac_cv_env_CPPFLAGS_set=
ac_cv_env_CPPFLAGS_value=
ac_cv_env_CPP_set=
ac_cv_env_CPP_value=
ac_cv_env_CXXCPP_set=
ac_cv_env_CXXCPP_value=
ac_cv_env_CXXFLAGS_set=
ac_cv_env_CXXFLAGS_value=
ac_cv_env_CXX_set=
ac_cv_env_CXX_value=
ac_cv_env_LDFLAGS_set=
ac_cv_env_LDFLAGS_value=
ac_cv_env_LIBS_set=
ac_cv_env_LIBS_value=
ac_cv_env_build_alias_set=
ac_cv_env_build_alias_value=
ac_cv_env_host_alias_set=
ac_cv_env_host_alias_value=
ac_cv_env_target_alias_set=
ac_cv_env_target_alias_value=
ac_cv_header_boost_archive_text_oarchive_hpp=yes
ac_cv_header_boost_mpi_hpp=no
ac_cv_header_inttypes_h=yes
ac_cv_header_memory_h=yes
ac_cv_header_stdc=yes
ac_cv_header_stdint_h=yes
ac_cv_header_stdlib_h=yes
ac_cv_header_string_h=yes
ac_cv_header_strings_h=yes
ac_cv_header_sys_stat_h=yes
ac_cv_header_sys_types_h=yes
ac_cv_header_unistd_h=yes
ac_cv_host=x86_64-pc-linux-gnu
ac_cv_objext=o
ac_cv_path_EGREP='/usr/bin/grep -E'
ac_cv_path_GREP=/usr/bin/grep
ac_cv_path_SED=/usr/bin/sed
ac_cv_path_cp_u=yes
ac_cv_prog_AR=ar
ac_cv_prog_CPP='mpicc -E'
ac_cv_prog_CXXCPP='g++ -E'
ac_cv_prog_ac_ct_CC=mpicc
ac_cv_prog_ac_ct_RANLIB=ranlib
ac_cv_prog_cc_c89=
ac_cv_prog_cc_g=yes
ac_cv_prog_cxx_g=yes
boost_cv_inc_path=yes
boost_cv_lib_serialization=yes
boost_cv_lib_serialization_LDFLAGS=-L/usr/local/lib
boost_cv_lib_serialization_LIBS=-lboost_serialization
boost_cv_lib_tag=
boost_cv_lib_version=1_53

## ----------------- ##
## Output variables. ##
## ----------------- ##

AR='ar'
BOOST_CPPFLAGS=''
BOOST_FILESYSTEM_LDFLAGS=''
BOOST_FILESYSTEM_LIBS=''
BOOST_MPI_LDFLAGS=''
BOOST_MPI_LIBS=''
BOOST_ROOT=''
BOOST_SERIALIZATION_LDFLAGS='-L/usr/local/lib'
BOOST_SERIALIZATION_LIBS='-lboost_serialization'
BOOST_SYSTEM_LDFLAGS=''
BOOST_SYSTEM_LIBS=''
CC='mpicc'
CFLAGS='-g -O2'
CPP='mpicc -E'
CPPFLAGS=' -I/home/mb425/Boost/Boost_1.61/include '
CP_U='yes'
CXX='g++'
CXXCPP='g++ -E'
CXXFLAGS='-g -O2'
DEFS=''
DISTCHECK_CONFIGURE_FLAGS=' '\''--with-boost='\'''
ECHO_C=''
ECHO_N='-n'
ECHO_T=''
EGREP='/usr/bin/grep -E'
EXEEXT=''
GREP='/usr/bin/grep'
LDFLAGS=' -L/home/mb425/Boos/Boost_1.61/lib -L/usr/local/lib'
LIBOBJS=''
LIBS=' -lboost_serialization'
LTLIBOBJS=''
OBJEXT='o'
PACKAGE_BUGREPORT='repast-interest@sourceforge.net'
PACKAGE_NAME='RepastHPC'
PACKAGE_STRING='RepastHPC 2.2.0'
PACKAGE_TARNAME='repasthpc'
PACKAGE_URL=''
PACKAGE_VERSION='2.2.0'
PATH_SEPARATOR=':'
RANLIB='ranlib'
REPAST_HPC_VERSION='2.2.0'
REPAST_HPC_VERSION_UNDERSCORE=''
SED='/usr/bin/sed'
SHELL='/bin/sh'
USE_BOOST_LIB_DIR='/home/mb425/Boos/Boost_1.61/lib'
USE_CURL_LIB_DIR=''
USE_MAC='no'
USE_NETCDF_CXX_LIB_DIR=''
USE_NETCDF_LIB_DIR=''
ac_ct_CC='mpicc'
ac_ct_CXX=''
bindir='${exec_prefix}/bin'
build='x86_64-pc-linux-gnu'
build_alias=''
build_cpu='x86_64'
build_os='linux-gnu'
build_vendor='pc'
datadir='${datarootdir}'
datarootdir='${prefix}/share'
docdir='${datarootdir}/doc/${PACKAGE_TARNAME}'
dvidir='${docdir}'
exec_prefix='NONE'
host='x86_64-pc-linux-gnu'
host_alias=''
host_cpu='x86_64'
host_os='linux-gnu'
host_vendor='pc'
htmldir='${docdir}'
includedir='${prefix}/include'
infodir='${datarootdir}/info'
libdir='${exec_prefix}/lib'
libexecdir='${exec_prefix}/libexec'
libext='so'
localedir='${datarootdir}/locale'
localstatedir='${prefix}/var'
mandir='${datarootdir}/man'
oldincludedir='/usr/include'
pdfdir='${docdir}'
prefix='/home/mb425/repastHPC/repast_hpc-2.2.0'
program_transform_name='s,x,x,'
psdir='${docdir}'
runstatedir='${localstatedir}/run'
sbindir='${exec_prefix}/sbin'
sharedstatedir='${prefix}/com'
sysconfdir='${prefix}/etc'
target_alias=''

## ----------- ##
## confdefs.h. ##
## ----------- ##

/* confdefs.h */
#define PACKAGE_NAME "RepastHPC"
#define PACKAGE_TARNAME "repasthpc"
#define PACKAGE_VERSION "2.2.0"
#define PACKAGE_STRING "RepastHPC 2.2.0"
#define PACKAGE_BUGREPORT "repast-interest@sourceforge.net"
#define PACKAGE_URL ""
#define HAVE_BOOST 1
#define STDC_HEADERS 1
#define HAVE_SYS_TYPES_H 1
#define HAVE_SYS_STAT_H 1
#define HAVE_STDLIB_H 1
#define HAVE_STRING_H 1
#define HAVE_MEMORY_H 1
#define HAVE_STRINGS_H 1
#define HAVE_INTTYPES_H 1
#define HAVE_STDINT_H 1
#define HAVE_UNISTD_H 1
#define HAVE_BOOST_ARCHIVE_TEXT_OARCHIVE_HPP 1

configure: exit 1
